Calling target program-options parser
[06:09:14.455] [bmv2] [D] [thread 3180] Set default default entry for table 'tbl_set_custom_value': MyIngress.set_custom_value - 
[06:09:14.455] [bmv2] [D] [thread 3180] Set default default entry for table 'tbl_set_custom_value_0': MyIngress.set_custom_value - 
[06:09:14.455] [bmv2] [D] [thread 3180] Set default default entry for table 'tbl_set_custom_value_1': MyIngress.set_custom_value - 
[06:09:14.455] [bmv2] [D] [thread 3180] Set default default entry for table 'tbl_set_custom_value_2': MyIngress.set_custom_value - 
[06:09:14.456] [bmv2] [D] [thread 3180] Set default default entry for table 'tbl_set_custom_value_3': MyIngress.set_custom_value - 
[06:09:14.456] [bmv2] [D] [thread 3180] Set default default entry for table 'tbl_set_custom_value_4': MyIngress.set_custom_value - 
[06:09:14.456] [bmv2] [D] [thread 3180] Set default default entry for table 'tbl_set_custom_value_5': MyIngress.set_custom_value - 
[06:09:14.456] [bmv2] [D] [thread 3180] Set default default entry for table 'tbl_set_custom_value_6': MyIngress.set_custom_value - 
[06:09:14.456] [bmv2] [D] [thread 3180] Set default default entry for table 'MyIngress.ipv4_lpm': MyIngress.drop - 
Adding interface s3-eth1 as port 1
[06:09:14.456] [bmv2] [D] [thread 3180] Adding interface s3-eth1 as port 1
Adding interface s3-eth2 as port 2
[06:09:14.500] [bmv2] [D] [thread 3180] Adding interface s3-eth2 as port 2
Server listening on 0.0.0.0:50053
[06:09:14.540] [bmv2] [I] [thread 3180] Starting Thrift server on port 9092
[06:09:14.540] [bmv2] [I] [thread 3180] Thrift server was started
[06:09:14.858] [bmv2] [D] [thread 3190] [0.0] [cxt 0] Processing packet received on port 1
[06:09:14.858] [bmv2] [D] [thread 3190] [0.0] [cxt 0] Parser 'parser': start
[06:09:14.858] [bmv2] [D] [thread 3190] [0.0] [cxt 0] Parser 'parser' entering state 'start'
[06:09:14.858] [bmv2] [D] [thread 3190] [0.0] [cxt 0] Extracting header 'ethernet'
[06:09:14.858] [bmv2] [D] [thread 3190] [0.0] [cxt 0] Parser state 'start': key is 86dd
[06:09:14.858] [bmv2] [T] [thread 3190] [0.0] [cxt 0] Bytes parsed: 14
[06:09:14.858] [bmv2] [D] [thread 3190] [0.0] [cxt 0] Parser 'parser': end
[06:09:14.858] [bmv2] [D] [thread 3190] [0.0] [cxt 0] Pipeline 'ingress': start
[06:09:14.858] [bmv2] [T] [thread 3190] [0.0] [cxt 0] basic.p4(121) Condition "pkt_size <= 155" (node_2) is true
[06:09:14.858] [bmv2] [T] [thread 3190] [0.0] [cxt 0] basic.p4(122) Condition "pkt_size <= 57" (node_3) is false
[06:09:14.858] [bmv2] [T] [thread 3190] [0.0] [cxt 0] basic.p4(129) Condition "pkt_size <= 60" (node_7) is false
[06:09:14.858] [bmv2] [T] [thread 3190] [0.0] [cxt 0] Applying table 'tbl_set_custom_value_2'
[06:09:14.858] [bmv2] [D] [thread 3190] [0.0] [cxt 0] Looking up key:

[06:09:14.858] [bmv2] [D] [thread 3190] [0.0] [cxt 0] Table 'tbl_set_custom_value_2': miss
[06:09:14.858] [bmv2] [D] [thread 3190] [0.0] [cxt 0] Action entry is MyIngress.set_custom_value - 
[06:09:14.858] [bmv2] [T] [thread 3190] [0.0] [cxt 0] Action MyIngress.set_custom_value
[06:09:14.858] [bmv2] [T] [thread 3190] [0.0] [cxt 0] basic.p4(100) Primitive hdr.ipv4.ttl = custom_value
[06:09:14.858] [bmv2] [T] [thread 3190] [0.0] [cxt 0] basic.p4(150) Condition "hdr.ipv4.isValid()" (node_17) is false
[06:09:14.858] [bmv2] [D] [thread 3190] [0.0] [cxt 0] Pipeline 'ingress': end
[06:09:14.858] [bmv2] [D] [thread 3190] [0.0] [cxt 0] Egress port is 0
[06:09:14.859] [bmv2] [D] [thread 3191] [0.0] [cxt 0] Pipeline 'egress': start
[06:09:14.859] [bmv2] [D] [thread 3191] [0.0] [cxt 0] Pipeline 'egress': end
[06:09:14.859] [bmv2] [D] [thread 3191] [0.0] [cxt 0] Deparser 'deparser': start
[06:09:14.859] [bmv2] [T] [thread 3191] [0.0] [cxt 0] Skipping checksum 'cksum' update because condition not met
[06:09:14.859] [bmv2] [D] [thread 3191] [0.0] [cxt 0] Deparsing header 'ethernet'
[06:09:14.859] [bmv2] [D] [thread 3191] [0.0] [cxt 0] Deparser 'deparser': end
[06:09:14.859] [bmv2] [D] [thread 3195] [0.0] [cxt 0] Transmitting packet of size 90 out of port 0
[06:09:14.859] [bmv2] [D] [thread 3190] [1.0] [cxt 0] Processing packet received on port 1
[06:09:14.859] [bmv2] [D] [thread 3190] [1.0] [cxt 0] Parser 'parser': start
[06:09:14.859] [bmv2] [D] [thread 3190] [1.0] [cxt 0] Parser 'parser' entering state 'start'
[06:09:14.859] [bmv2] [D] [thread 3190] [1.0] [cxt 0] Extracting header 'ethernet'
[06:09:14.859] [bmv2] [D] [thread 3190] [1.0] [cxt 0] Parser state 'start': key is 86dd
[06:09:14.859] [bmv2] [T] [thread 3190] [1.0] [cxt 0] Bytes parsed: 14
[06:09:14.859] [bmv2] [D] [thread 3190] [1.0] [cxt 0] Parser 'parser': end
[06:09:14.859] [bmv2] [D] [thread 3190] [1.0] [cxt 0] Pipeline 'ingress': start
[06:09:14.859] [bmv2] [T] [thread 3190] [1.0] [cxt 0] basic.p4(121) Condition "pkt_size <= 155" (node_2) is true
[06:09:14.859] [bmv2] [T] [thread 3190] [1.0] [cxt 0] basic.p4(122) Condition "pkt_size <= 57" (node_3) is false
[06:09:14.859] [bmv2] [T] [thread 3190] [1.0] [cxt 0] basic.p4(129) Condition "pkt_size <= 60" (node_7) is false
[06:09:14.859] [bmv2] [T] [thread 3190] [1.0] [cxt 0] Applying table 'tbl_set_custom_value_2'
[06:09:14.859] [bmv2] [D] [thread 3190] [1.0] [cxt 0] Looking up key:

[06:09:14.859] [bmv2] [D] [thread 3190] [1.0] [cxt 0] Table 'tbl_set_custom_value_2': miss
[06:09:14.859] [bmv2] [D] [thread 3190] [1.0] [cxt 0] Action entry is MyIngress.set_custom_value - 
[06:09:14.859] [bmv2] [T] [thread 3190] [1.0] [cxt 0] Action MyIngress.set_custom_value
[06:09:14.859] [bmv2] [T] [thread 3190] [1.0] [cxt 0] basic.p4(100) Primitive hdr.ipv4.ttl = custom_value
[06:09:14.859] [bmv2] [T] [thread 3190] [1.0] [cxt 0] basic.p4(150) Condition "hdr.ipv4.isValid()" (node_17) is false
[06:09:14.859] [bmv2] [D] [thread 3190] [1.0] [cxt 0] Pipeline 'ingress': end
[06:09:14.859] [bmv2] [D] [thread 3190] [1.0] [cxt 0] Egress port is 0
[06:09:14.860] [bmv2] [D] [thread 3191] [1.0] [cxt 0] Pipeline 'egress': start
[06:09:14.860] [bmv2] [D] [thread 3191] [1.0] [cxt 0] Pipeline 'egress': end
[06:09:14.860] [bmv2] [D] [thread 3191] [1.0] [cxt 0] Deparser 'deparser': start
[06:09:14.860] [bmv2] [T] [thread 3191] [1.0] [cxt 0] Skipping checksum 'cksum' update because condition not met
[06:09:14.860] [bmv2] [D] [thread 3191] [1.0] [cxt 0] Deparsing header 'ethernet'
[06:09:14.860] [bmv2] [D] [thread 3191] [1.0] [cxt 0] Deparser 'deparser': end
[06:09:14.860] [bmv2] [D] [thread 3195] [1.0] [cxt 0] Transmitting packet of size 70 out of port 0
[06:09:14.923] [bmv2] [D] [thread 3190] [2.0] [cxt 0] Processing packet received on port 1
[06:09:14.923] [bmv2] [D] [thread 3190] [2.0] [cxt 0] Parser 'parser': start
[06:09:14.923] [bmv2] [D] [thread 3190] [2.0] [cxt 0] Parser 'parser' entering state 'start'
[06:09:14.923] [bmv2] [D] [thread 3190] [2.0] [cxt 0] Extracting header 'ethernet'
[06:09:14.923] [bmv2] [D] [thread 3190] [2.0] [cxt 0] Parser state 'start': key is 86dd
[06:09:14.923] [bmv2] [T] [thread 3190] [2.0] [cxt 0] Bytes parsed: 14
[06:09:14.923] [bmv2] [D] [thread 3190] [2.0] [cxt 0] Parser 'parser': end
[06:09:14.923] [bmv2] [D] [thread 3190] [2.0] [cxt 0] Pipeline 'ingress': start
[06:09:14.923] [bmv2] [T] [thread 3190] [2.0] [cxt 0] basic.p4(121) Condition "pkt_size <= 155" (node_2) is true
[06:09:14.923] [bmv2] [T] [thread 3190] [2.0] [cxt 0] basic.p4(122) Condition "pkt_size <= 57" (node_3) is false
[06:09:14.923] [bmv2] [T] [thread 3190] [2.0] [cxt 0] basic.p4(129) Condition "pkt_size <= 60" (node_7) is false
[06:09:14.923] [bmv2] [T] [thread 3190] [2.0] [cxt 0] Applying table 'tbl_set_custom_value_2'
[06:09:14.923] [bmv2] [D] [thread 3190] [2.0] [cxt 0] Looking up key:

[06:09:14.923] [bmv2] [D] [thread 3190] [2.0] [cxt 0] Table 'tbl_set_custom_value_2': miss
[06:09:14.923] [bmv2] [D] [thread 3190] [2.0] [cxt 0] Action entry is MyIngress.set_custom_value - 
[06:09:14.923] [bmv2] [T] [thread 3190] [2.0] [cxt 0] Action MyIngress.set_custom_value
[06:09:14.923] [bmv2] [T] [thread 3190] [2.0] [cxt 0] basic.p4(100) Primitive hdr.ipv4.ttl = custom_value
[06:09:14.923] [bmv2] [T] [thread 3190] [2.0] [cxt 0] basic.p4(150) Condition "hdr.ipv4.isValid()" (node_17) is false
[06:09:14.923] [bmv2] [D] [thread 3190] [2.0] [cxt 0] Pipeline 'ingress': end
[06:09:14.923] [bmv2] [D] [thread 3190] [2.0] [cxt 0] Egress port is 0
[06:09:14.923] [bmv2] [D] [thread 3190] [3.0] [cxt 0] Processing packet received on port 2
[06:09:14.923] [bmv2] [D] [thread 3190] [3.0] [cxt 0] Parser 'parser': start
[06:09:14.923] [bmv2] [D] [thread 3190] [3.0] [cxt 0] Parser 'parser' entering state 'start'
[06:09:14.923] [bmv2] [D] [thread 3190] [3.0] [cxt 0] Extracting header 'ethernet'
[06:09:14.923] [bmv2] [D] [thread 3190] [3.0] [cxt 0] Parser state 'start': key is 86dd
[06:09:14.923] [bmv2] [T] [thread 3190] [3.0] [cxt 0] Bytes parsed: 14
[06:09:14.923] [bmv2] [D] [thread 3190] [3.0] [cxt 0] Parser 'parser': end
[06:09:14.923] [bmv2] [D] [thread 3190] [3.0] [cxt 0] Pipeline 'ingress': start
[06:09:14.923] [bmv2] [T] [thread 3190] [3.0] [cxt 0] basic.p4(121) Condition "pkt_size <= 155" (node_2) is true
[06:09:14.923] [bmv2] [T] [thread 3190] [3.0] [cxt 0] basic.p4(122) Condition "pkt_size <= 57" (node_3) is false
[06:09:14.923] [bmv2] [T] [thread 3190] [3.0] [cxt 0] basic.p4(129) Condition "pkt_size <= 60" (node_7) is false
[06:09:14.923] [bmv2] [T] [thread 3190] [3.0] [cxt 0] Applying table 'tbl_set_custom_value_2'
[06:09:14.923] [bmv2] [D] [thread 3190] [3.0] [cxt 0] Looking up key:

[06:09:14.923] [bmv2] [D] [thread 3190] [3.0] [cxt 0] Table 'tbl_set_custom_value_2': miss
[06:09:14.923] [bmv2] [D] [thread 3190] [3.0] [cxt 0] Action entry is MyIngress.set_custom_value - 
[06:09:14.923] [bmv2] [T] [thread 3190] [3.0] [cxt 0] Action MyIngress.set_custom_value
[06:09:14.923] [bmv2] [T] [thread 3190] [3.0] [cxt 0] basic.p4(100) Primitive hdr.ipv4.ttl = custom_value
[06:09:14.923] [bmv2] [T] [thread 3190] [3.0] [cxt 0] basic.p4(150) Condition "hdr.ipv4.isValid()" (node_17) is false
[06:09:14.923] [bmv2] [D] [thread 3190] [3.0] [cxt 0] Pipeline 'ingress': end
[06:09:14.923] [bmv2] [D] [thread 3190] [3.0] [cxt 0] Egress port is 0
[06:09:14.923] [bmv2] [D] [thread 3190] [4.0] [cxt 0] Processing packet received on port 1
[06:09:14.923] [bmv2] [D] [thread 3190] [4.0] [cxt 0] Parser 'parser': start
[06:09:14.923] [bmv2] [D] [thread 3190] [4.0] [cxt 0] Parser 'parser' entering state 'start'
[06:09:14.923] [bmv2] [D] [thread 3190] [4.0] [cxt 0] Extracting header 'ethernet'
[06:09:14.923] [bmv2] [D] [thread 3190] [4.0] [cxt 0] Parser state 'start': key is 86dd
[06:09:14.923] [bmv2] [T] [thread 3190] [4.0] [cxt 0] Bytes parsed: 14
[06:09:14.923] [bmv2] [D] [thread 3190] [4.0] [cxt 0] Parser 'parser': end
[06:09:14.923] [bmv2] [D] [thread 3190] [4.0] [cxt 0] Pipeline 'ingress': start
[06:09:14.923] [bmv2] [T] [thread 3190] [4.0] [cxt 0] basic.p4(121) Condition "pkt_size <= 155" (node_2) is true
[06:09:14.923] [bmv2] [T] [thread 3190] [4.0] [cxt 0] basic.p4(122) Condition "pkt_size <= 57" (node_3) is false
[06:09:14.923] [bmv2] [T] [thread 3190] [4.0] [cxt 0] basic.p4(129) Condition "pkt_size <= 60" (node_7) is false
[06:09:14.923] [bmv2] [T] [thread 3190] [4.0] [cxt 0] Applying table 'tbl_set_custom_value_2'
[06:09:14.923] [bmv2] [D] [thread 3190] [4.0] [cxt 0] Looking up key:

[06:09:14.923] [bmv2] [D] [thread 3190] [4.0] [cxt 0] Table 'tbl_set_custom_value_2': miss
[06:09:14.923] [bmv2] [D] [thread 3190] [4.0] [cxt 0] Action entry is MyIngress.set_custom_value - 
[06:09:14.923] [bmv2] [T] [thread 3190] [4.0] [cxt 0] Action MyIngress.set_custom_value
[06:09:14.923] [bmv2] [T] [thread 3190] [4.0] [cxt 0] basic.p4(100) Primitive hdr.ipv4.ttl = custom_value
[06:09:14.923] [bmv2] [T] [thread 3190] [4.0] [cxt 0] basic.p4(150) Condition "hdr.ipv4.isValid()" (node_17) is false
[06:09:14.923] [bmv2] [D] [thread 3190] [4.0] [cxt 0] Pipeline 'ingress': end
[06:09:14.923] [bmv2] [D] [thread 3190] [4.0] [cxt 0] Egress port is 0
[06:09:14.923] [bmv2] [D] [thread 3190] [5.0] [cxt 0] Processing packet received on port 2
[06:09:14.923] [bmv2] [D] [thread 3190] [5.0] [cxt 0] Parser 'parser': start
[06:09:14.923] [bmv2] [D] [thread 3190] [5.0] [cxt 0] Parser 'parser' entering state 'start'
[06:09:14.923] [bmv2] [D] [thread 3190] [5.0] [cxt 0] Extracting header 'ethernet'
[06:09:14.923] [bmv2] [D] [thread 3190] [5.0] [cxt 0] Parser state 'start': key is 86dd
[06:09:14.923] [bmv2] [T] [thread 3190] [5.0] [cxt 0] Bytes parsed: 14
[06:09:14.923] [bmv2] [D] [thread 3190] [5.0] [cxt 0] Parser 'parser': end
[06:09:14.923] [bmv2] [D] [thread 3190] [5.0] [cxt 0] Pipeline 'ingress': start
[06:09:14.923] [bmv2] [T] [thread 3190] [5.0] [cxt 0] basic.p4(121) Condition "pkt_size <= 155" (node_2) is true
[06:09:14.923] [bmv2] [T] [thread 3190] [5.0] [cxt 0] basic.p4(122) Condition "pkt_size <= 57" (node_3) is false
[06:09:14.923] [bmv2] [T] [thread 3190] [5.0] [cxt 0] basic.p4(129) Condition "pkt_size <= 60" (node_7) is false
[06:09:14.923] [bmv2] [T] [thread 3190] [5.0] [cxt 0] Applying table 'tbl_set_custom_value_2'
[06:09:14.923] [bmv2] [D] [thread 3190] [5.0] [cxt 0] Looking up key:

[06:09:14.923] [bmv2] [D] [thread 3190] [5.0] [cxt 0] Table 'tbl_set_custom_value_2': miss
[06:09:14.923] [bmv2] [D] [thread 3190] [5.0] [cxt 0] Action entry is MyIngress.set_custom_value - 
[06:09:14.923] [bmv2] [T] [thread 3190] [5.0] [cxt 0] Action MyIngress.set_custom_value
[06:09:14.923] [bmv2] [T] [thread 3190] [5.0] [cxt 0] basic.p4(100) Primitive hdr.ipv4.ttl = custom_value
[06:09:14.923] [bmv2] [T] [thread 3190] [5.0] [cxt 0] basic.p4(150) Condition "hdr.ipv4.isValid()" (node_17) is false
[06:09:14.923] [bmv2] [D] [thread 3190] [5.0] [cxt 0] Pipeline 'ingress': end
[06:09:14.923] [bmv2] [D] [thread 3190] [5.0] [cxt 0] Egress port is 0
[06:09:14.923] [bmv2] [D] [thread 3191] [2.0] [cxt 0] Pipeline 'egress': start
[06:09:14.923] [bmv2] [D] [thread 3191] [2.0] [cxt 0] Pipeline 'egress': end
[06:09:14.923] [bmv2] [D] [thread 3191] [2.0] [cxt 0] Deparser 'deparser': start
[06:09:14.923] [bmv2] [T] [thread 3191] [2.0] [cxt 0] Skipping checksum 'cksum' update because condition not met
[06:09:14.923] [bmv2] [D] [thread 3191] [2.0] [cxt 0] Deparsing header 'ethernet'
[06:09:14.924] [bmv2] [D] [thread 3191] [2.0] [cxt 0] Deparser 'deparser': end
[06:09:14.924] [bmv2] [D] [thread 3191] [3.0] [cxt 0] Pipeline 'egress': start
[06:09:14.924] [bmv2] [D] [thread 3191] [3.0] [cxt 0] Pipeline 'egress': end
[06:09:14.924] [bmv2] [D] [thread 3191] [3.0] [cxt 0] Deparser 'deparser': start
[06:09:14.924] [bmv2] [T] [thread 3191] [3.0] [cxt 0] Skipping checksum 'cksum' update because condition not met
[06:09:14.924] [bmv2] [D] [thread 3191] [3.0] [cxt 0] Deparsing header 'ethernet'
[06:09:14.924] [bmv2] [D] [thread 3191] [3.0] [cxt 0] Deparser 'deparser': end
[06:09:14.924] [bmv2] [D] [thread 3191] [4.0] [cxt 0] Pipeline 'egress': start
[06:09:14.924] [bmv2] [D] [thread 3191] [4.0] [cxt 0] Pipeline 'egress': end
[06:09:14.924] [bmv2] [D] [thread 3191] [4.0] [cxt 0] Deparser 'deparser': start
[06:09:14.924] [bmv2] [T] [thread 3191] [4.0] [cxt 0] Skipping checksum 'cksum' update because condition not met
[06:09:14.924] [bmv2] [D] [thread 3191] [4.0] [cxt 0] Deparsing header 'ethernet'
[06:09:14.924] [bmv2] [D] [thread 3191] [4.0] [cxt 0] Deparser 'deparser': end
[06:09:14.924] [bmv2] [D] [thread 3191] [5.0] [cxt 0] Pipeline 'egress': start
[06:09:14.924] [bmv2] [D] [thread 3191] [5.0] [cxt 0] Pipeline 'egress': end
[06:09:14.924] [bmv2] [D] [thread 3191] [5.0] [cxt 0] Deparser 'deparser': start
[06:09:14.924] [bmv2] [T] [thread 3191] [5.0] [cxt 0] Skipping checksum 'cksum' update because condition not met
[06:09:14.924] [bmv2] [D] [thread 3191] [5.0] [cxt 0] Deparsing header 'ethernet'
[06:09:14.924] [bmv2] [D] [thread 3191] [5.0] [cxt 0] Deparser 'deparser': end
[06:09:14.924] [bmv2] [D] [thread 3195] [2.0] [cxt 0] Transmitting packet of size 90 out of port 0
[06:09:14.924] [bmv2] [D] [thread 3195] [3.0] [cxt 0] Transmitting packet of size 90 out of port 0
[06:09:14.924] [bmv2] [D] [thread 3195] [4.0] [cxt 0] Transmitting packet of size 70 out of port 0
[06:09:14.924] [bmv2] [D] [thread 3195] [5.0] [cxt 0] Transmitting packet of size 70 out of port 0
[06:09:15.143] [bmv2] [D] [thread 3190] [6.0] [cxt 0] Processing packet received on port 2
[06:09:15.143] [bmv2] [D] [thread 3190] [6.0] [cxt 0] Parser 'parser': start
[06:09:15.143] [bmv2] [D] [thread 3190] [6.0] [cxt 0] Parser 'parser' entering state 'start'
[06:09:15.143] [bmv2] [D] [thread 3190] [6.0] [cxt 0] Extracting header 'ethernet'
[06:09:15.143] [bmv2] [D] [thread 3190] [6.0] [cxt 0] Parser state 'start': key is 86dd
[06:09:15.143] [bmv2] [T] [thread 3190] [6.0] [cxt 0] Bytes parsed: 14
[06:09:15.143] [bmv2] [D] [thread 3190] [6.0] [cxt 0] Parser 'parser': end
[06:09:15.143] [bmv2] [D] [thread 3190] [6.0] [cxt 0] Pipeline 'ingress': start
[06:09:15.143] [bmv2] [T] [thread 3190] [6.0] [cxt 0] basic.p4(121) Condition "pkt_size <= 155" (node_2) is true
[06:09:15.143] [bmv2] [T] [thread 3190] [6.0] [cxt 0] basic.p4(122) Condition "pkt_size <= 57" (node_3) is false
[06:09:15.143] [bmv2] [T] [thread 3190] [6.0] [cxt 0] basic.p4(129) Condition "pkt_size <= 60" (node_7) is false
[06:09:15.143] [bmv2] [T] [thread 3190] [6.0] [cxt 0] Applying table 'tbl_set_custom_value_2'
[06:09:15.143] [bmv2] [D] [thread 3190] [6.0] [cxt 0] Looking up key:

[06:09:15.143] [bmv2] [D] [thread 3190] [6.0] [cxt 0] Table 'tbl_set_custom_value_2': miss
[06:09:15.143] [bmv2] [D] [thread 3190] [6.0] [cxt 0] Action entry is MyIngress.set_custom_value - 
[06:09:15.143] [bmv2] [T] [thread 3190] [6.0] [cxt 0] Action MyIngress.set_custom_value
[06:09:15.143] [bmv2] [T] [thread 3190] [6.0] [cxt 0] basic.p4(100) Primitive hdr.ipv4.ttl = custom_value
[06:09:15.143] [bmv2] [T] [thread 3190] [6.0] [cxt 0] basic.p4(150) Condition "hdr.ipv4.isValid()" (node_17) is false
[06:09:15.143] [bmv2] [D] [thread 3190] [6.0] [cxt 0] Pipeline 'ingress': end
[06:09:15.143] [bmv2] [D] [thread 3190] [6.0] [cxt 0] Egress port is 0
[06:09:15.144] [bmv2] [D] [thread 3190] [7.0] [cxt 0] Processing packet received on port 2
[06:09:15.144] [bmv2] [D] [thread 3190] [7.0] [cxt 0] Parser 'parser': start
[06:09:15.144] [bmv2] [D] [thread 3190] [7.0] [cxt 0] Parser 'parser' entering state 'start'
[06:09:15.144] [bmv2] [D] [thread 3190] [7.0] [cxt 0] Extracting header 'ethernet'
[06:09:15.144] [bmv2] [D] [thread 3190] [7.0] [cxt 0] Parser state 'start': key is 86dd
[06:09:15.144] [bmv2] [T] [thread 3190] [7.0] [cxt 0] Bytes parsed: 14
[06:09:15.144] [bmv2] [D] [thread 3190] [7.0] [cxt 0] Parser 'parser': end
[06:09:15.144] [bmv2] [D] [thread 3190] [7.0] [cxt 0] Pipeline 'ingress': start
[06:09:15.144] [bmv2] [T] [thread 3190] [7.0] [cxt 0] basic.p4(121) Condition "pkt_size <= 155" (node_2) is true
[06:09:15.144] [bmv2] [T] [thread 3190] [7.0] [cxt 0] basic.p4(122) Condition "pkt_size <= 57" (node_3) is false
[06:09:15.144] [bmv2] [T] [thread 3190] [7.0] [cxt 0] basic.p4(129) Condition "pkt_size <= 60" (node_7) is false
[06:09:15.144] [bmv2] [T] [thread 3190] [7.0] [cxt 0] Applying table 'tbl_set_custom_value_2'
[06:09:15.144] [bmv2] [D] [thread 3190] [7.0] [cxt 0] Looking up key:

[06:09:15.144] [bmv2] [D] [thread 3190] [7.0] [cxt 0] Table 'tbl_set_custom_value_2': miss
[06:09:15.144] [bmv2] [D] [thread 3190] [7.0] [cxt 0] Action entry is MyIngress.set_custom_value - 
[06:09:15.144] [bmv2] [D] [thread 3191] [6.0] [cxt 0] Pipeline 'egress': start
[06:09:15.144] [bmv2] [D] [thread 3191] [6.0] [cxt 0] Pipeline 'egress': end
[06:09:15.144] [bmv2] [D] [thread 3191] [6.0] [cxt 0] Deparser 'deparser': start
[06:09:15.144] [bmv2] [T] [thread 3191] [6.0] [cxt 0] Skipping checksum 'cksum' update because condition not met
[06:09:15.144] [bmv2] [D] [thread 3191] [6.0] [cxt 0] Deparsing header 'ethernet'
[06:09:15.144] [bmv2] [D] [thread 3191] [6.0] [cxt 0] Deparser 'deparser': end
[06:09:15.144] [bmv2] [D] [thread 3195] [6.0] [cxt 0] Transmitting packet of size 90 out of port 0
[06:09:15.144] [bmv2] [T] [thread 3190] [7.0] [cxt 0] Action MyIngress.set_custom_value
[06:09:15.144] [bmv2] [T] [thread 3190] [7.0] [cxt 0] basic.p4(100) Primitive hdr.ipv4.ttl = custom_value
[06:09:15.144] [bmv2] [T] [thread 3190] [7.0] [cxt 0] basic.p4(150) Condition "hdr.ipv4.isValid()" (node_17) is false
[06:09:15.144] [bmv2] [D] [thread 3190] [7.0] [cxt 0] Pipeline 'ingress': end
[06:09:15.144] [bmv2] [D] [thread 3190] [7.0] [cxt 0] Egress port is 0
[06:09:15.144] [bmv2] [D] [thread 3191] [7.0] [cxt 0] Pipeline 'egress': start
[06:09:15.145] [bmv2] [D] [thread 3191] [7.0] [cxt 0] Pipeline 'egress': end
[06:09:15.145] [bmv2] [D] [thread 3191] [7.0] [cxt 0] Deparser 'deparser': start
[06:09:15.145] [bmv2] [T] [thread 3191] [7.0] [cxt 0] Skipping checksum 'cksum' update because condition not met
[06:09:15.145] [bmv2] [D] [thread 3191] [7.0] [cxt 0] Deparsing header 'ethernet'
[06:09:15.145] [bmv2] [D] [thread 3191] [7.0] [cxt 0] Deparser 'deparser': end
[06:09:15.145] [bmv2] [D] [thread 3195] [7.0] [cxt 0] Transmitting packet of size 70 out of port 0
[06:09:15.427] [bmv2] [D] [thread 3190] [8.0] [cxt 0] Processing packet received on port 2
[06:09:15.427] [bmv2] [D] [thread 3190] [8.0] [cxt 0] Parser 'parser': start
[06:09:15.427] [bmv2] [D] [thread 3190] [8.0] [cxt 0] Parser 'parser' entering state 'start'
[06:09:15.427] [bmv2] [D] [thread 3190] [8.0] [cxt 0] Extracting header 'ethernet'
[06:09:15.427] [bmv2] [D] [thread 3190] [8.0] [cxt 0] Parser state 'start': key is 86dd
[06:09:15.427] [bmv2] [T] [thread 3190] [8.0] [cxt 0] Bytes parsed: 14
[06:09:15.427] [bmv2] [D] [thread 3190] [8.0] [cxt 0] Parser 'parser': end
[06:09:15.427] [bmv2] [D] [thread 3190] [8.0] [cxt 0] Pipeline 'ingress': start
[06:09:15.427] [bmv2] [T] [thread 3190] [8.0] [cxt 0] basic.p4(121) Condition "pkt_size <= 155" (node_2) is true
[06:09:15.427] [bmv2] [T] [thread 3190] [8.0] [cxt 0] basic.p4(122) Condition "pkt_size <= 57" (node_3) is false
[06:09:15.427] [bmv2] [T] [thread 3190] [8.0] [cxt 0] basic.p4(129) Condition "pkt_size <= 60" (node_7) is false
[06:09:15.427] [bmv2] [T] [thread 3190] [8.0] [cxt 0] Applying table 'tbl_set_custom_value_2'
[06:09:15.427] [bmv2] [D] [thread 3190] [8.0] [cxt 0] Looking up key:

[06:09:15.427] [bmv2] [D] [thread 3190] [8.0] [cxt 0] Table 'tbl_set_custom_value_2': miss
[06:09:15.427] [bmv2] [D] [thread 3190] [8.0] [cxt 0] Action entry is MyIngress.set_custom_value - 
[06:09:15.427] [bmv2] [T] [thread 3190] [8.0] [cxt 0] Action MyIngress.set_custom_value
[06:09:15.427] [bmv2] [T] [thread 3190] [8.0] [cxt 0] basic.p4(100) Primitive hdr.ipv4.ttl = custom_value
[06:09:15.427] [bmv2] [T] [thread 3190] [8.0] [cxt 0] basic.p4(150) Condition "hdr.ipv4.isValid()" (node_17) is false
[06:09:15.427] [bmv2] [D] [thread 3190] [8.0] [cxt 0] Pipeline 'ingress': end
[06:09:15.427] [bmv2] [D] [thread 3190] [8.0] [cxt 0] Egress port is 0
[06:09:15.427] [bmv2] [D] [thread 3191] [8.0] [cxt 0] Pipeline 'egress': start
[06:09:15.427] [bmv2] [D] [thread 3191] [8.0] [cxt 0] Pipeline 'egress': end
[06:09:15.427] [bmv2] [D] [thread 3191] [8.0] [cxt 0] Deparser 'deparser': start
[06:09:15.427] [bmv2] [T] [thread 3191] [8.0] [cxt 0] Skipping checksum 'cksum' update because condition not met
[06:09:15.428] [bmv2] [D] [thread 3191] [8.0] [cxt 0] Deparsing header 'ethernet'
[06:09:15.428] [bmv2] [D] [thread 3191] [8.0] [cxt 0] Deparser 'deparser': end
[06:09:15.428] [bmv2] [D] [thread 3195] [8.0] [cxt 0] Transmitting packet of size 90 out of port 0
[06:09:15.460] [bmv2] [D] [thread 3190] [9.0] [cxt 0] Processing packet received on port 2
[06:09:15.460] [bmv2] [D] [thread 3190] [9.0] [cxt 0] Parser 'parser': start
[06:09:15.460] [bmv2] [D] [thread 3190] [9.0] [cxt 0] Parser 'parser' entering state 'start'
[06:09:15.460] [bmv2] [D] [thread 3190] [9.0] [cxt 0] Extracting header 'ethernet'
[06:09:15.460] [bmv2] [D] [thread 3190] [9.0] [cxt 0] Parser state 'start': key is 86dd
[06:09:15.460] [bmv2] [T] [thread 3190] [9.0] [cxt 0] Bytes parsed: 14
[06:09:15.460] [bmv2] [D] [thread 3190] [9.0] [cxt 0] Parser 'parser': end
[06:09:15.460] [bmv2] [D] [thread 3190] [9.0] [cxt 0] Pipeline 'ingress': start
[06:09:15.460] [bmv2] [T] [thread 3190] [9.0] [cxt 0] basic.p4(121) Condition "pkt_size <= 155" (node_2) is true
[06:09:15.460] [bmv2] [T] [thread 3190] [9.0] [cxt 0] basic.p4(122) Condition "pkt_size <= 57" (node_3) is false
[06:09:15.460] [bmv2] [T] [thread 3190] [9.0] [cxt 0] basic.p4(129) Condition "pkt_size <= 60" (node_7) is false
[06:09:15.460] [bmv2] [T] [thread 3190] [9.0] [cxt 0] Applying table 'tbl_set_custom_value_2'
[06:09:15.460] [bmv2] [D] [thread 3190] [9.0] [cxt 0] Looking up key:

[06:09:15.460] [bmv2] [D] [thread 3190] [9.0] [cxt 0] Table 'tbl_set_custom_value_2': miss
[06:09:15.460] [bmv2] [D] [thread 3190] [9.0] [cxt 0] Action entry is MyIngress.set_custom_value - 
[06:09:15.460] [bmv2] [T] [thread 3190] [9.0] [cxt 0] Action MyIngress.set_custom_value
[06:09:15.460] [bmv2] [T] [thread 3190] [9.0] [cxt 0] basic.p4(100) Primitive hdr.ipv4.ttl = custom_value
[06:09:15.460] [bmv2] [T] [thread 3190] [9.0] [cxt 0] basic.p4(150) Condition "hdr.ipv4.isValid()" (node_17) is false
[06:09:15.460] [bmv2] [D] [thread 3190] [9.0] [cxt 0] Pipeline 'ingress': end
[06:09:15.460] [bmv2] [D] [thread 3190] [9.0] [cxt 0] Egress port is 0
[06:09:15.460] [bmv2] [D] [thread 3191] [9.0] [cxt 0] Pipeline 'egress': start
[06:09:15.460] [bmv2] [D] [thread 3191] [9.0] [cxt 0] Pipeline 'egress': end
[06:09:15.460] [bmv2] [D] [thread 3191] [9.0] [cxt 0] Deparser 'deparser': start
[06:09:15.460] [bmv2] [T] [thread 3191] [9.0] [cxt 0] Skipping checksum 'cksum' update because condition not met
[06:09:15.460] [bmv2] [D] [thread 3191] [9.0] [cxt 0] Deparsing header 'ethernet'
[06:09:15.460] [bmv2] [D] [thread 3191] [9.0] [cxt 0] Deparser 'deparser': end
[06:09:15.471] [bmv2] [D] [thread 3195] [9.0] [cxt 0] Transmitting packet of size 90 out of port 0
[06:09:15.588] [bmv2] [D] [thread 3190] [10.0] [cxt 0] Processing packet received on port 1
[06:09:15.588] [bmv2] [D] [thread 3190] [10.0] [cxt 0] Parser 'parser': start
[06:09:15.588] [bmv2] [D] [thread 3190] [10.0] [cxt 0] Parser 'parser' entering state 'start'
[06:09:15.588] [bmv2] [D] [thread 3190] [10.0] [cxt 0] Extracting header 'ethernet'
[06:09:15.588] [bmv2] [D] [thread 3190] [10.0] [cxt 0] Parser state 'start': key is 86dd
[06:09:15.588] [bmv2] [T] [thread 3190] [10.0] [cxt 0] Bytes parsed: 14
[06:09:15.588] [bmv2] [D] [thread 3190] [10.0] [cxt 0] Parser 'parser': end
[06:09:15.588] [bmv2] [D] [thread 3190] [10.0] [cxt 0] Pipeline 'ingress': start
[06:09:15.588] [bmv2] [T] [thread 3190] [10.0] [cxt 0] basic.p4(121) Condition "pkt_size <= 155" (node_2) is true
[06:09:15.588] [bmv2] [T] [thread 3190] [10.0] [cxt 0] basic.p4(122) Condition "pkt_size <= 57" (node_3) is false
[06:09:15.588] [bmv2] [T] [thread 3190] [10.0] [cxt 0] basic.p4(129) Condition "pkt_size <= 60" (node_7) is false
[06:09:15.588] [bmv2] [T] [thread 3190] [10.0] [cxt 0] Applying table 'tbl_set_custom_value_2'
[06:09:15.588] [bmv2] [D] [thread 3190] [10.0] [cxt 0] Looking up key:

[06:09:15.588] [bmv2] [D] [thread 3190] [10.0] [cxt 0] Table 'tbl_set_custom_value_2': miss
[06:09:15.588] [bmv2] [D] [thread 3190] [10.0] [cxt 0] Action entry is MyIngress.set_custom_value - 
[06:09:15.588] [bmv2] [T] [thread 3190] [10.0] [cxt 0] Action MyIngress.set_custom_value
[06:09:15.588] [bmv2] [T] [thread 3190] [10.0] [cxt 0] basic.p4(100) Primitive hdr.ipv4.ttl = custom_value
[06:09:15.588] [bmv2] [T] [thread 3190] [10.0] [cxt 0] basic.p4(150) Condition "hdr.ipv4.isValid()" (node_17) is false
[06:09:15.588] [bmv2] [D] [thread 3190] [10.0] [cxt 0] Pipeline 'ingress': end
[06:09:15.588] [bmv2] [D] [thread 3190] [10.0] [cxt 0] Egress port is 0
[06:09:15.588] [bmv2] [D] [thread 3191] [10.0] [cxt 0] Pipeline 'egress': start
[06:09:15.588] [bmv2] [D] [thread 3191] [10.0] [cxt 0] Pipeline 'egress': end
[06:09:15.588] [bmv2] [D] [thread 3191] [10.0] [cxt 0] Deparser 'deparser': start
[06:09:15.588] [bmv2] [T] [thread 3191] [10.0] [cxt 0] Skipping checksum 'cksum' update because condition not met
[06:09:15.588] [bmv2] [D] [thread 3191] [10.0] [cxt 0] Deparsing header 'ethernet'
[06:09:15.588] [bmv2] [D] [thread 3191] [10.0] [cxt 0] Deparser 'deparser': end
[06:09:15.588] [bmv2] [D] [thread 3195] [10.0] [cxt 0] Transmitting packet of size 90 out of port 0
[06:09:15.752] [bmv2] [D] [thread 3190] [11.0] [cxt 0] Processing packet received on port 1
[06:09:15.752] [bmv2] [D] [thread 3190] [11.0] [cxt 0] Parser 'parser': start
[06:09:15.752] [bmv2] [D] [thread 3190] [11.0] [cxt 0] Parser 'parser' entering state 'start'
[06:09:15.752] [bmv2] [D] [thread 3190] [11.0] [cxt 0] Extracting header 'ethernet'
[06:09:15.752] [bmv2] [D] [thread 3190] [11.0] [cxt 0] Parser state 'start': key is 86dd
[06:09:15.752] [bmv2] [T] [thread 3190] [11.0] [cxt 0] Bytes parsed: 14
[06:09:15.752] [bmv2] [D] [thread 3190] [11.0] [cxt 0] Parser 'parser': end
[06:09:15.752] [bmv2] [D] [thread 3190] [11.0] [cxt 0] Pipeline 'ingress': start
[06:09:15.752] [bmv2] [T] [thread 3190] [11.0] [cxt 0] basic.p4(121) Condition "pkt_size <= 155" (node_2) is true
[06:09:15.752] [bmv2] [T] [thread 3190] [11.0] [cxt 0] basic.p4(122) Condition "pkt_size <= 57" (node_3) is false
[06:09:15.752] [bmv2] [T] [thread 3190] [11.0] [cxt 0] basic.p4(129) Condition "pkt_size <= 60" (node_7) is false
[06:09:15.752] [bmv2] [T] [thread 3190] [11.0] [cxt 0] Applying table 'tbl_set_custom_value_2'
[06:09:15.752] [bmv2] [D] [thread 3190] [11.0] [cxt 0] Looking up key:

[06:09:15.752] [bmv2] [D] [thread 3190] [11.0] [cxt 0] Table 'tbl_set_custom_value_2': miss
[06:09:15.752] [bmv2] [D] [thread 3190] [11.0] [cxt 0] Action entry is MyIngress.set_custom_value - 
[06:09:15.752] [bmv2] [T] [thread 3190] [11.0] [cxt 0] Action MyIngress.set_custom_value
[06:09:15.752] [bmv2] [T] [thread 3190] [11.0] [cxt 0] basic.p4(100) Primitive hdr.ipv4.ttl = custom_value
[06:09:15.752] [bmv2] [T] [thread 3190] [11.0] [cxt 0] basic.p4(150) Condition "hdr.ipv4.isValid()" (node_17) is false
[06:09:15.752] [bmv2] [D] [thread 3190] [11.0] [cxt 0] Pipeline 'ingress': end
[06:09:15.752] [bmv2] [D] [thread 3190] [11.0] [cxt 0] Egress port is 0
[06:09:15.752] [bmv2] [D] [thread 3191] [11.0] [cxt 0] Pipeline 'egress': start
[06:09:15.752] [bmv2] [D] [thread 3191] [11.0] [cxt 0] Pipeline 'egress': end
[06:09:15.752] [bmv2] [D] [thread 3191] [11.0] [cxt 0] Deparser 'deparser': start
[06:09:15.752] [bmv2] [T] [thread 3191] [11.0] [cxt 0] Skipping checksum 'cksum' update because condition not met
[06:09:15.752] [bmv2] [D] [thread 3191] [11.0] [cxt 0] Deparsing header 'ethernet'
[06:09:15.752] [bmv2] [D] [thread 3191] [11.0] [cxt 0] Deparser 'deparser': end
[06:09:15.753] [bmv2] [D] [thread 3195] [11.0] [cxt 0] Transmitting packet of size 90 out of port 0
[06:09:16.572] [bmv2] [W] [thread 3246] [P4Runtime] p4::tmp::P4DeviceConfig is deprecated
[06:09:16.578] [bmv2] [D] [thread 3246] Set default default entry for table 'tbl_set_custom_value': MyIngress.set_custom_value - 
[06:09:16.578] [bmv2] [D] [thread 3246] Set default default entry for table 'tbl_set_custom_value_0': MyIngress.set_custom_value - 
[06:09:16.578] [bmv2] [D] [thread 3246] Set default default entry for table 'tbl_set_custom_value_1': MyIngress.set_custom_value - 
[06:09:16.578] [bmv2] [D] [thread 3246] Set default default entry for table 'tbl_set_custom_value_2': MyIngress.set_custom_value - 
[06:09:16.578] [bmv2] [D] [thread 3246] Set default default entry for table 'tbl_set_custom_value_3': MyIngress.set_custom_value - 
[06:09:16.578] [bmv2] [D] [thread 3246] Set default default entry for table 'tbl_set_custom_value_4': MyIngress.set_custom_value - 
[06:09:16.578] [bmv2] [D] [thread 3246] Set default default entry for table 'tbl_set_custom_value_5': MyIngress.set_custom_value - 
[06:09:16.578] [bmv2] [D] [thread 3246] Set default default entry for table 'tbl_set_custom_value_6': MyIngress.set_custom_value - 
[06:09:16.578] [bmv2] [D] [thread 3246] Set default default entry for table 'MyIngress.ipv4_lpm': MyIngress.drop - 
[06:09:16.580] [bmv2] [D] [thread 3246] simple_switch target has been notified of a config swap
[06:09:16.583] [bmv2] [D] [thread 3247] Set default entry for table 'MyIngress.ipv4_lpm': MyIngress.drop - 
[06:09:16.585] [bmv2] [D] [thread 3246] Entry 0 added to table 'MyIngress.ipv4_lpm'
[06:09:16.585] [bmv2] [D] [thread 3246] Dumping entry 0
Match key:
* hdr.ipv4.dstAddr    : LPM       0a000101/32
Action entry: MyIngress.ipv4_forward - 80000000100,1,

[06:09:16.586] [bmv2] [D] [thread 3247] Entry 1 added to table 'MyIngress.ipv4_lpm'
[06:09:16.586] [bmv2] [D] [thread 3247] Dumping entry 1
Match key:
* hdr.ipv4.dstAddr    : LPM       0a000202/32
Action entry: MyIngress.ipv4_forward - 80000000100,1,

[06:09:16.587] [bmv2] [D] [thread 3246] Entry 2 added to table 'MyIngress.ipv4_lpm'
[06:09:16.587] [bmv2] [D] [thread 3246] Dumping entry 2
Match key:
* hdr.ipv4.dstAddr    : LPM       0a000303/32
Action entry: MyIngress.ipv4_forward - 80000000200,2,

[06:09:16.588] [bmv2] [D] [thread 3247] Entry 3 added to table 'MyIngress.ipv4_lpm'
[06:09:16.588] [bmv2] [D] [thread 3247] Dumping entry 3
Match key:
* hdr.ipv4.dstAddr    : LPM       0a000404/32
Action entry: MyIngress.ipv4_forward - 80000000200,2,

[06:09:18.760] [bmv2] [D] [thread 3190] [12.0] [cxt 0] Processing packet received on port 1
[06:09:18.760] [bmv2] [D] [thread 3190] [12.0] [cxt 0] Parser 'parser': start
[06:09:18.760] [bmv2] [D] [thread 3190] [12.0] [cxt 0] Parser 'parser' entering state 'start'
[06:09:18.760] [bmv2] [D] [thread 3190] [12.0] [cxt 0] Extracting header 'ethernet'
[06:09:18.760] [bmv2] [D] [thread 3190] [12.0] [cxt 0] Parser state 'start': key is 86dd
[06:09:18.760] [bmv2] [T] [thread 3190] [12.0] [cxt 0] Bytes parsed: 14
[06:09:18.760] [bmv2] [D] [thread 3190] [12.0] [cxt 0] Parser 'parser': end
[06:09:18.760] [bmv2] [D] [thread 3190] [12.0] [cxt 0] Pipeline 'ingress': start
[06:09:18.760] [bmv2] [T] [thread 3190] [12.0] [cxt 0] basic.p4(121) Condition "pkt_size <= 155" (node_2) is true
[06:09:18.760] [bmv2] [T] [thread 3190] [12.0] [cxt 0] basic.p4(122) Condition "pkt_size <= 57" (node_3) is false
[06:09:18.760] [bmv2] [T] [thread 3190] [12.0] [cxt 0] basic.p4(129) Condition "pkt_size <= 60" (node_7) is false
[06:09:18.760] [bmv2] [T] [thread 3190] [12.0] [cxt 0] Applying table 'tbl_set_custom_value_2'
[06:09:18.760] [bmv2] [D] [thread 3190] [12.0] [cxt 0] Looking up key:

[06:09:18.760] [bmv2] [D] [thread 3190] [12.0] [cxt 0] Table 'tbl_set_custom_value_2': miss
[06:09:18.760] [bmv2] [D] [thread 3190] [12.0] [cxt 0] Action entry is MyIngress.set_custom_value - 
[06:09:18.760] [bmv2] [T] [thread 3190] [12.0] [cxt 0] Action MyIngress.set_custom_value
[06:09:18.760] [bmv2] [T] [thread 3190] [12.0] [cxt 0] basic.p4(100) Primitive hdr.ipv4.ttl = custom_value
[06:09:18.760] [bmv2] [T] [thread 3190] [12.0] [cxt 0] basic.p4(150) Condition "hdr.ipv4.isValid()" (node_17) is false
[06:09:18.760] [bmv2] [D] [thread 3190] [12.0] [cxt 0] Pipeline 'ingress': end
[06:09:18.760] [bmv2] [D] [thread 3190] [12.0] [cxt 0] Egress port is 0
[06:09:18.760] [bmv2] [D] [thread 3191] [12.0] [cxt 0] Pipeline 'egress': start
[06:09:18.760] [bmv2] [D] [thread 3191] [12.0] [cxt 0] Pipeline 'egress': end
[06:09:18.760] [bmv2] [D] [thread 3191] [12.0] [cxt 0] Deparser 'deparser': start
[06:09:18.760] [bmv2] [T] [thread 3191] [12.0] [cxt 0] Skipping checksum 'cksum' update because condition not met
[06:09:18.760] [bmv2] [D] [thread 3191] [12.0] [cxt 0] Deparsing header 'ethernet'
[06:09:18.760] [bmv2] [D] [thread 3191] [12.0] [cxt 0] Deparser 'deparser': end
[06:09:18.760] [bmv2] [D] [thread 3195] [12.0] [cxt 0] Transmitting packet of size 70 out of port 0
[06:09:18.763] [bmv2] [D] [thread 3190] [13.0] [cxt 0] Processing packet received on port 2
[06:09:18.763] [bmv2] [D] [thread 3190] [13.0] [cxt 0] Parser 'parser': start
[06:09:18.763] [bmv2] [D] [thread 3190] [13.0] [cxt 0] Parser 'parser' entering state 'start'
[06:09:18.763] [bmv2] [D] [thread 3190] [13.0] [cxt 0] Extracting header 'ethernet'
[06:09:18.763] [bmv2] [D] [thread 3190] [13.0] [cxt 0] Parser state 'start': key is 86dd
[06:09:18.763] [bmv2] [T] [thread 3190] [13.0] [cxt 0] Bytes parsed: 14
[06:09:18.763] [bmv2] [D] [thread 3190] [13.0] [cxt 0] Parser 'parser': end
[06:09:18.763] [bmv2] [D] [thread 3190] [13.0] [cxt 0] Pipeline 'ingress': start
[06:09:18.763] [bmv2] [T] [thread 3190] [13.0] [cxt 0] basic.p4(121) Condition "pkt_size <= 155" (node_2) is true
[06:09:18.763] [bmv2] [T] [thread 3190] [13.0] [cxt 0] basic.p4(122) Condition "pkt_size <= 57" (node_3) is false
[06:09:18.763] [bmv2] [T] [thread 3190] [13.0] [cxt 0] basic.p4(129) Condition "pkt_size <= 60" (node_7) is false
[06:09:18.763] [bmv2] [T] [thread 3190] [13.0] [cxt 0] Applying table 'tbl_set_custom_value_2'
[06:09:18.763] [bmv2] [D] [thread 3190] [13.0] [cxt 0] Looking up key:

[06:09:18.763] [bmv2] [D] [thread 3190] [13.0] [cxt 0] Table 'tbl_set_custom_value_2': miss
[06:09:18.763] [bmv2] [D] [thread 3190] [13.0] [cxt 0] Action entry is MyIngress.set_custom_value - 
[06:09:18.763] [bmv2] [T] [thread 3190] [13.0] [cxt 0] Action MyIngress.set_custom_value
[06:09:18.763] [bmv2] [T] [thread 3190] [13.0] [cxt 0] basic.p4(100) Primitive hdr.ipv4.ttl = custom_value
[06:09:18.763] [bmv2] [T] [thread 3190] [13.0] [cxt 0] basic.p4(150) Condition "hdr.ipv4.isValid()" (node_17) is false
[06:09:18.763] [bmv2] [D] [thread 3190] [13.0] [cxt 0] Pipeline 'ingress': end
[06:09:18.763] [bmv2] [D] [thread 3190] [13.0] [cxt 0] Egress port is 0
[06:09:18.764] [bmv2] [D] [thread 3191] [13.0] [cxt 0] Pipeline 'egress': start
[06:09:18.764] [bmv2] [D] [thread 3191] [13.0] [cxt 0] Pipeline 'egress': end
[06:09:18.764] [bmv2] [D] [thread 3191] [13.0] [cxt 0] Deparser 'deparser': start
[06:09:18.764] [bmv2] [T] [thread 3191] [13.0] [cxt 0] Skipping checksum 'cksum' update because condition not met
[06:09:18.764] [bmv2] [D] [thread 3191] [13.0] [cxt 0] Deparsing header 'ethernet'
[06:09:18.764] [bmv2] [D] [thread 3191] [13.0] [cxt 0] Deparser 'deparser': end
[06:09:18.764] [bmv2] [D] [thread 3195] [13.0] [cxt 0] Transmitting packet of size 70 out of port 0
[06:09:19.268] [bmv2] [D] [thread 3190] [14.0] [cxt 0] Processing packet received on port 1
[06:09:19.268] [bmv2] [D] [thread 3190] [14.0] [cxt 0] Parser 'parser': start
[06:09:19.268] [bmv2] [D] [thread 3190] [14.0] [cxt 0] Parser 'parser' entering state 'start'
[06:09:19.268] [bmv2] [D] [thread 3190] [14.0] [cxt 0] Extracting header 'ethernet'
[06:09:19.268] [bmv2] [D] [thread 3190] [14.0] [cxt 0] Parser state 'start': key is 86dd
[06:09:19.268] [bmv2] [T] [thread 3190] [14.0] [cxt 0] Bytes parsed: 14
[06:09:19.268] [bmv2] [D] [thread 3190] [14.0] [cxt 0] Parser 'parser': end
[06:09:19.268] [bmv2] [D] [thread 3190] [14.0] [cxt 0] Pipeline 'ingress': start
[06:09:19.268] [bmv2] [T] [thread 3190] [14.0] [cxt 0] basic.p4(121) Condition "pkt_size <= 155" (node_2) is true
[06:09:19.268] [bmv2] [T] [thread 3190] [14.0] [cxt 0] basic.p4(122) Condition "pkt_size <= 57" (node_3) is false
[06:09:19.268] [bmv2] [T] [thread 3190] [14.0] [cxt 0] basic.p4(129) Condition "pkt_size <= 60" (node_7) is false
[06:09:19.268] [bmv2] [T] [thread 3190] [14.0] [cxt 0] Applying table 'tbl_set_custom_value_2'
[06:09:19.268] [bmv2] [D] [thread 3190] [14.0] [cxt 0] Looking up key:

[06:09:19.268] [bmv2] [D] [thread 3190] [14.0] [cxt 0] Table 'tbl_set_custom_value_2': miss
[06:09:19.268] [bmv2] [D] [thread 3190] [14.0] [cxt 0] Action entry is MyIngress.set_custom_value - 
[06:09:19.268] [bmv2] [T] [thread 3190] [14.0] [cxt 0] Action MyIngress.set_custom_value
[06:09:19.268] [bmv2] [T] [thread 3190] [14.0] [cxt 0] basic.p4(100) Primitive hdr.ipv4.ttl = custom_value
[06:09:19.268] [bmv2] [T] [thread 3190] [14.0] [cxt 0] basic.p4(150) Condition "hdr.ipv4.isValid()" (node_17) is false
[06:09:19.268] [bmv2] [D] [thread 3190] [14.0] [cxt 0] Pipeline 'ingress': end
[06:09:19.268] [bmv2] [D] [thread 3190] [14.0] [cxt 0] Egress port is 0
[06:09:19.268] [bmv2] [D] [thread 3191] [14.0] [cxt 0] Pipeline 'egress': start
[06:09:19.268] [bmv2] [D] [thread 3191] [14.0] [cxt 0] Pipeline 'egress': end
[06:09:19.268] [bmv2] [D] [thread 3191] [14.0] [cxt 0] Deparser 'deparser': start
[06:09:19.268] [bmv2] [T] [thread 3191] [14.0] [cxt 0] Skipping checksum 'cksum' update because condition not met
[06:09:19.268] [bmv2] [D] [thread 3191] [14.0] [cxt 0] Deparsing header 'ethernet'
[06:09:19.268] [bmv2] [D] [thread 3191] [14.0] [cxt 0] Deparser 'deparser': end
[06:09:19.268] [bmv2] [D] [thread 3195] [14.0] [cxt 0] Transmitting packet of size 70 out of port 0
[06:09:19.272] [bmv2] [D] [thread 3190] [15.0] [cxt 0] Processing packet received on port 2
[06:09:19.272] [bmv2] [D] [thread 3190] [15.0] [cxt 0] Parser 'parser': start
[06:09:19.272] [bmv2] [D] [thread 3190] [15.0] [cxt 0] Parser 'parser' entering state 'start'
[06:09:19.272] [bmv2] [D] [thread 3190] [15.0] [cxt 0] Extracting header 'ethernet'
[06:09:19.272] [bmv2] [D] [thread 3190] [15.0] [cxt 0] Parser state 'start': key is 86dd
[06:09:19.272] [bmv2] [T] [thread 3190] [15.0] [cxt 0] Bytes parsed: 14
[06:09:19.272] [bmv2] [D] [thread 3190] [15.0] [cxt 0] Parser 'parser': end
[06:09:19.272] [bmv2] [D] [thread 3190] [15.0] [cxt 0] Pipeline 'ingress': start
[06:09:19.272] [bmv2] [T] [thread 3190] [15.0] [cxt 0] basic.p4(121) Condition "pkt_size <= 155" (node_2) is true
[06:09:19.272] [bmv2] [T] [thread 3190] [15.0] [cxt 0] basic.p4(122) Condition "pkt_size <= 57" (node_3) is false
[06:09:19.272] [bmv2] [T] [thread 3190] [15.0] [cxt 0] basic.p4(129) Condition "pkt_size <= 60" (node_7) is false
[06:09:19.272] [bmv2] [T] [thread 3190] [15.0] [cxt 0] Applying table 'tbl_set_custom_value_2'
[06:09:19.272] [bmv2] [D] [thread 3190] [15.0] [cxt 0] Looking up key:

[06:09:19.272] [bmv2] [D] [thread 3190] [15.0] [cxt 0] Table 'tbl_set_custom_value_2': miss
[06:09:19.272] [bmv2] [D] [thread 3190] [15.0] [cxt 0] Action entry is MyIngress.set_custom_value - 
[06:09:19.272] [bmv2] [T] [thread 3190] [15.0] [cxt 0] Action MyIngress.set_custom_value
[06:09:19.272] [bmv2] [T] [thread 3190] [15.0] [cxt 0] basic.p4(100) Primitive hdr.ipv4.ttl = custom_value
[06:09:19.272] [bmv2] [T] [thread 3190] [15.0] [cxt 0] basic.p4(150) Condition "hdr.ipv4.isValid()" (node_17) is false
[06:09:19.272] [bmv2] [D] [thread 3190] [15.0] [cxt 0] Pipeline 'ingress': end
[06:09:19.272] [bmv2] [D] [thread 3190] [15.0] [cxt 0] Egress port is 0
[06:09:19.273] [bmv2] [D] [thread 3191] [15.0] [cxt 0] Pipeline 'egress': start
[06:09:19.273] [bmv2] [D] [thread 3191] [15.0] [cxt 0] Pipeline 'egress': end
[06:09:19.273] [bmv2] [D] [thread 3191] [15.0] [cxt 0] Deparser 'deparser': start
[06:09:19.273] [bmv2] [T] [thread 3191] [15.0] [cxt 0] Skipping checksum 'cksum' update because condition not met
[06:09:19.273] [bmv2] [D] [thread 3191] [15.0] [cxt 0] Deparsing header 'ethernet'
[06:09:19.273] [bmv2] [D] [thread 3191] [15.0] [cxt 0] Deparser 'deparser': end
[06:09:19.273] [bmv2] [D] [thread 3195] [15.0] [cxt 0] Transmitting packet of size 70 out of port 0
[06:09:26.520] [bmv2] [D] [thread 3190] [16.0] [cxt 0] Processing packet received on port 1
[06:09:26.520] [bmv2] [D] [thread 3190] [16.0] [cxt 0] Parser 'parser': start
[06:09:26.520] [bmv2] [D] [thread 3190] [16.0] [cxt 0] Parser 'parser' entering state 'start'
[06:09:26.520] [bmv2] [D] [thread 3190] [16.0] [cxt 0] Extracting header 'ethernet'
[06:09:26.520] [bmv2] [D] [thread 3190] [16.0] [cxt 0] Parser state 'start': key is 86dd
[06:09:26.520] [bmv2] [T] [thread 3190] [16.0] [cxt 0] Bytes parsed: 14
[06:09:26.520] [bmv2] [D] [thread 3190] [16.0] [cxt 0] Parser 'parser': end
[06:09:26.520] [bmv2] [D] [thread 3190] [16.0] [cxt 0] Pipeline 'ingress': start
[06:09:26.520] [bmv2] [T] [thread 3190] [16.0] [cxt 0] basic.p4(121) Condition "pkt_size <= 155" (node_2) is true
[06:09:26.520] [bmv2] [T] [thread 3190] [16.0] [cxt 0] basic.p4(122) Condition "pkt_size <= 57" (node_3) is false
[06:09:26.520] [bmv2] [T] [thread 3190] [16.0] [cxt 0] basic.p4(129) Condition "pkt_size <= 60" (node_7) is false
[06:09:26.520] [bmv2] [T] [thread 3190] [16.0] [cxt 0] Applying table 'tbl_set_custom_value_2'
[06:09:26.520] [bmv2] [D] [thread 3190] [16.0] [cxt 0] Looking up key:

[06:09:26.520] [bmv2] [D] [thread 3190] [16.0] [cxt 0] Table 'tbl_set_custom_value_2': miss
[06:09:26.520] [bmv2] [D] [thread 3190] [16.0] [cxt 0] Action entry is MyIngress.set_custom_value - 
[06:09:26.520] [bmv2] [T] [thread 3190] [16.0] [cxt 0] Action MyIngress.set_custom_value
[06:09:26.520] [bmv2] [T] [thread 3190] [16.0] [cxt 0] basic.p4(100) Primitive hdr.ipv4.ttl = custom_value
[06:09:26.520] [bmv2] [T] [thread 3190] [16.0] [cxt 0] basic.p4(150) Condition "hdr.ipv4.isValid()" (node_17) is false
[06:09:26.520] [bmv2] [D] [thread 3190] [16.0] [cxt 0] Pipeline 'ingress': end
[06:09:26.520] [bmv2] [D] [thread 3190] [16.0] [cxt 0] Egress port is 0
[06:09:26.521] [bmv2] [D] [thread 3191] [16.0] [cxt 0] Pipeline 'egress': start
[06:09:26.521] [bmv2] [D] [thread 3191] [16.0] [cxt 0] Pipeline 'egress': end
[06:09:26.521] [bmv2] [D] [thread 3191] [16.0] [cxt 0] Deparser 'deparser': start
[06:09:26.521] [bmv2] [T] [thread 3191] [16.0] [cxt 0] Skipping checksum 'cksum' update because condition not met
[06:09:26.521] [bmv2] [D] [thread 3191] [16.0] [cxt 0] Deparsing header 'ethernet'
[06:09:26.521] [bmv2] [D] [thread 3191] [16.0] [cxt 0] Deparser 'deparser': end
[06:09:26.521] [bmv2] [D] [thread 3195] [16.0] [cxt 0] Transmitting packet of size 70 out of port 0
[06:09:26.693] [bmv2] [D] [thread 3190] [17.0] [cxt 0] Processing packet received on port 2
[06:09:26.693] [bmv2] [D] [thread 3190] [17.0] [cxt 0] Parser 'parser': start
[06:09:26.693] [bmv2] [D] [thread 3190] [17.0] [cxt 0] Parser 'parser' entering state 'start'
[06:09:26.693] [bmv2] [D] [thread 3190] [17.0] [cxt 0] Extracting header 'ethernet'
[06:09:26.693] [bmv2] [D] [thread 3190] [17.0] [cxt 0] Parser state 'start': key is 86dd
[06:09:26.693] [bmv2] [T] [thread 3190] [17.0] [cxt 0] Bytes parsed: 14
[06:09:26.693] [bmv2] [D] [thread 3190] [17.0] [cxt 0] Parser 'parser': end
[06:09:26.693] [bmv2] [D] [thread 3190] [17.0] [cxt 0] Pipeline 'ingress': start
[06:09:26.693] [bmv2] [T] [thread 3190] [17.0] [cxt 0] basic.p4(121) Condition "pkt_size <= 155" (node_2) is true
[06:09:26.693] [bmv2] [T] [thread 3190] [17.0] [cxt 0] basic.p4(122) Condition "pkt_size <= 57" (node_3) is false
[06:09:26.693] [bmv2] [T] [thread 3190] [17.0] [cxt 0] basic.p4(129) Condition "pkt_size <= 60" (node_7) is false
[06:09:26.693] [bmv2] [T] [thread 3190] [17.0] [cxt 0] Applying table 'tbl_set_custom_value_2'
[06:09:26.693] [bmv2] [D] [thread 3190] [17.0] [cxt 0] Looking up key:

[06:09:26.693] [bmv2] [D] [thread 3190] [17.0] [cxt 0] Table 'tbl_set_custom_value_2': miss
[06:09:26.693] [bmv2] [D] [thread 3190] [17.0] [cxt 0] Action entry is MyIngress.set_custom_value - 
[06:09:26.693] [bmv2] [T] [thread 3190] [17.0] [cxt 0] Action MyIngress.set_custom_value
[06:09:26.693] [bmv2] [T] [thread 3190] [17.0] [cxt 0] basic.p4(100) Primitive hdr.ipv4.ttl = custom_value
[06:09:26.693] [bmv2] [T] [thread 3190] [17.0] [cxt 0] basic.p4(150) Condition "hdr.ipv4.isValid()" (node_17) is false
[06:09:26.693] [bmv2] [D] [thread 3190] [17.0] [cxt 0] Pipeline 'ingress': end
[06:09:26.693] [bmv2] [D] [thread 3190] [17.0] [cxt 0] Egress port is 0
[06:09:26.693] [bmv2] [D] [thread 3191] [17.0] [cxt 0] Pipeline 'egress': start
[06:09:26.693] [bmv2] [D] [thread 3191] [17.0] [cxt 0] Pipeline 'egress': end
[06:09:26.693] [bmv2] [D] [thread 3191] [17.0] [cxt 0] Deparser 'deparser': start
[06:09:26.693] [bmv2] [T] [thread 3191] [17.0] [cxt 0] Skipping checksum 'cksum' update because condition not met
[06:09:26.693] [bmv2] [D] [thread 3191] [17.0] [cxt 0] Deparsing header 'ethernet'
[06:09:26.693] [bmv2] [D] [thread 3191] [17.0] [cxt 0] Deparser 'deparser': end
[06:09:26.693] [bmv2] [D] [thread 3195] [17.0] [cxt 0] Transmitting packet of size 70 out of port 0
[06:09:27.460] [bmv2] [D] [thread 3190] [18.0] [cxt 0] Processing packet received on port 2
[06:09:27.460] [bmv2] [D] [thread 3190] [18.0] [cxt 0] Parser 'parser': start
[06:09:27.460] [bmv2] [D] [thread 3190] [18.0] [cxt 0] Parser 'parser' entering state 'start'
[06:09:27.460] [bmv2] [D] [thread 3190] [18.0] [cxt 0] Extracting header 'ethernet'
[06:09:27.460] [bmv2] [D] [thread 3190] [18.0] [cxt 0] Parser state 'start': key is 86dd
[06:09:27.460] [bmv2] [T] [thread 3190] [18.0] [cxt 0] Bytes parsed: 14
[06:09:27.460] [bmv2] [D] [thread 3190] [18.0] [cxt 0] Parser 'parser': end
[06:09:27.460] [bmv2] [D] [thread 3190] [18.0] [cxt 0] Pipeline 'ingress': start
[06:09:27.460] [bmv2] [T] [thread 3190] [18.0] [cxt 0] basic.p4(121) Condition "pkt_size <= 155" (node_2) is true
[06:09:27.460] [bmv2] [T] [thread 3190] [18.0] [cxt 0] basic.p4(122) Condition "pkt_size <= 57" (node_3) is false
[06:09:27.460] [bmv2] [T] [thread 3190] [18.0] [cxt 0] basic.p4(129) Condition "pkt_size <= 60" (node_7) is false
[06:09:27.460] [bmv2] [T] [thread 3190] [18.0] [cxt 0] Applying table 'tbl_set_custom_value_2'
[06:09:27.460] [bmv2] [D] [thread 3190] [18.0] [cxt 0] Looking up key:

[06:09:27.460] [bmv2] [D] [thread 3190] [18.0] [cxt 0] Table 'tbl_set_custom_value_2': miss
[06:09:27.460] [bmv2] [D] [thread 3190] [18.0] [cxt 0] Action entry is MyIngress.set_custom_value - 
[06:09:27.460] [bmv2] [T] [thread 3190] [18.0] [cxt 0] Action MyIngress.set_custom_value
[06:09:27.460] [bmv2] [T] [thread 3190] [18.0] [cxt 0] basic.p4(100) Primitive hdr.ipv4.ttl = custom_value
[06:09:27.460] [bmv2] [T] [thread 3190] [18.0] [cxt 0] basic.p4(150) Condition "hdr.ipv4.isValid()" (node_17) is false
[06:09:27.460] [bmv2] [D] [thread 3190] [18.0] [cxt 0] Pipeline 'ingress': end
[06:09:27.460] [bmv2] [D] [thread 3190] [18.0] [cxt 0] Egress port is 0
[06:09:27.460] [bmv2] [D] [thread 3191] [18.0] [cxt 0] Pipeline 'egress': start
[06:09:27.460] [bmv2] [D] [thread 3191] [18.0] [cxt 0] Pipeline 'egress': end
[06:09:27.460] [bmv2] [D] [thread 3191] [18.0] [cxt 0] Deparser 'deparser': start
[06:09:27.460] [bmv2] [T] [thread 3191] [18.0] [cxt 0] Skipping checksum 'cksum' update because condition not met
[06:09:27.460] [bmv2] [D] [thread 3191] [18.0] [cxt 0] Deparsing header 'ethernet'
[06:09:27.460] [bmv2] [D] [thread 3191] [18.0] [cxt 0] Deparser 'deparser': end
[06:09:27.460] [bmv2] [D] [thread 3195] [18.0] [cxt 0] Transmitting packet of size 70 out of port 0
[06:09:27.974] [bmv2] [D] [thread 3190] [19.0] [cxt 0] Processing packet received on port 1
[06:09:27.974] [bmv2] [D] [thread 3190] [19.0] [cxt 0] Parser 'parser': start
[06:09:27.974] [bmv2] [D] [thread 3190] [19.0] [cxt 0] Parser 'parser' entering state 'start'
[06:09:27.974] [bmv2] [D] [thread 3190] [19.0] [cxt 0] Extracting header 'ethernet'
[06:09:27.974] [bmv2] [D] [thread 3190] [19.0] [cxt 0] Parser state 'start': key is 86dd
[06:09:27.974] [bmv2] [T] [thread 3190] [19.0] [cxt 0] Bytes parsed: 14
[06:09:27.974] [bmv2] [D] [thread 3190] [19.0] [cxt 0] Parser 'parser': end
[06:09:27.974] [bmv2] [D] [thread 3190] [19.0] [cxt 0] Pipeline 'ingress': start
[06:09:27.974] [bmv2] [T] [thread 3190] [19.0] [cxt 0] basic.p4(121) Condition "pkt_size <= 155" (node_2) is true
[06:09:27.974] [bmv2] [T] [thread 3190] [19.0] [cxt 0] basic.p4(122) Condition "pkt_size <= 57" (node_3) is false
[06:09:27.974] [bmv2] [T] [thread 3190] [19.0] [cxt 0] basic.p4(129) Condition "pkt_size <= 60" (node_7) is false
[06:09:27.974] [bmv2] [T] [thread 3190] [19.0] [cxt 0] Applying table 'tbl_set_custom_value_2'
[06:09:27.974] [bmv2] [D] [thread 3190] [19.0] [cxt 0] Looking up key:

[06:09:27.974] [bmv2] [D] [thread 3190] [19.0] [cxt 0] Table 'tbl_set_custom_value_2': miss
[06:09:27.974] [bmv2] [D] [thread 3190] [19.0] [cxt 0] Action entry is MyIngress.set_custom_value - 
[06:09:27.974] [bmv2] [T] [thread 3190] [19.0] [cxt 0] Action MyIngress.set_custom_value
[06:09:27.974] [bmv2] [T] [thread 3190] [19.0] [cxt 0] basic.p4(100) Primitive hdr.ipv4.ttl = custom_value
[06:09:27.975] [bmv2] [T] [thread 3190] [19.0] [cxt 0] basic.p4(150) Condition "hdr.ipv4.isValid()" (node_17) is false
[06:09:27.975] [bmv2] [D] [thread 3190] [19.0] [cxt 0] Pipeline 'ingress': end
[06:09:27.975] [bmv2] [D] [thread 3190] [19.0] [cxt 0] Egress port is 0
[06:09:27.975] [bmv2] [D] [thread 3191] [19.0] [cxt 0] Pipeline 'egress': start
[06:09:27.975] [bmv2] [D] [thread 3191] [19.0] [cxt 0] Pipeline 'egress': end
[06:09:27.975] [bmv2] [D] [thread 3191] [19.0] [cxt 0] Deparser 'deparser': start
[06:09:27.975] [bmv2] [T] [thread 3191] [19.0] [cxt 0] Skipping checksum 'cksum' update because condition not met
[06:09:27.975] [bmv2] [D] [thread 3191] [19.0] [cxt 0] Deparsing header 'ethernet'
[06:09:27.975] [bmv2] [D] [thread 3191] [19.0] [cxt 0] Deparser 'deparser': end
[06:09:27.975] [bmv2] [D] [thread 3195] [19.0] [cxt 0] Transmitting packet of size 70 out of port 0
[06:09:42.309] [bmv2] [D] [thread 3190] [20.0] [cxt 0] Processing packet received on port 1
[06:09:42.309] [bmv2] [D] [thread 3190] [20.0] [cxt 0] Parser 'parser': start
[06:09:42.309] [bmv2] [D] [thread 3190] [20.0] [cxt 0] Parser 'parser' entering state 'start'
[06:09:42.309] [bmv2] [D] [thread 3190] [20.0] [cxt 0] Extracting header 'ethernet'
[06:09:42.309] [bmv2] [D] [thread 3190] [20.0] [cxt 0] Parser state 'start': key is 86dd
[06:09:42.309] [bmv2] [T] [thread 3190] [20.0] [cxt 0] Bytes parsed: 14
[06:09:42.309] [bmv2] [D] [thread 3190] [20.0] [cxt 0] Parser 'parser': end
[06:09:42.309] [bmv2] [D] [thread 3190] [20.0] [cxt 0] Pipeline 'ingress': start
[06:09:42.309] [bmv2] [T] [thread 3190] [20.0] [cxt 0] basic.p4(121) Condition "pkt_size <= 155" (node_2) is true
[06:09:42.309] [bmv2] [T] [thread 3190] [20.0] [cxt 0] basic.p4(122) Condition "pkt_size <= 57" (node_3) is false
[06:09:42.309] [bmv2] [T] [thread 3190] [20.0] [cxt 0] basic.p4(129) Condition "pkt_size <= 60" (node_7) is false
[06:09:42.309] [bmv2] [T] [thread 3190] [20.0] [cxt 0] Applying table 'tbl_set_custom_value_2'
[06:09:42.309] [bmv2] [D] [thread 3190] [20.0] [cxt 0] Looking up key:

[06:09:42.309] [bmv2] [D] [thread 3190] [20.0] [cxt 0] Table 'tbl_set_custom_value_2': miss
[06:09:42.309] [bmv2] [D] [thread 3190] [20.0] [cxt 0] Action entry is MyIngress.set_custom_value - 
[06:09:42.309] [bmv2] [T] [thread 3190] [20.0] [cxt 0] Action MyIngress.set_custom_value
[06:09:42.309] [bmv2] [T] [thread 3190] [20.0] [cxt 0] basic.p4(100) Primitive hdr.ipv4.ttl = custom_value
[06:09:42.309] [bmv2] [T] [thread 3190] [20.0] [cxt 0] basic.p4(150) Condition "hdr.ipv4.isValid()" (node_17) is false
[06:09:42.309] [bmv2] [D] [thread 3190] [20.0] [cxt 0] Pipeline 'ingress': end
[06:09:42.309] [bmv2] [D] [thread 3190] [20.0] [cxt 0] Egress port is 0
[06:09:42.309] [bmv2] [D] [thread 3191] [20.0] [cxt 0] Pipeline 'egress': start
[06:09:42.309] [bmv2] [D] [thread 3191] [20.0] [cxt 0] Pipeline 'egress': end
[06:09:42.309] [bmv2] [D] [thread 3191] [20.0] [cxt 0] Deparser 'deparser': start
[06:09:42.309] [bmv2] [T] [thread 3191] [20.0] [cxt 0] Skipping checksum 'cksum' update because condition not met
[06:09:42.309] [bmv2] [D] [thread 3191] [20.0] [cxt 0] Deparsing header 'ethernet'
[06:09:42.309] [bmv2] [D] [thread 3191] [20.0] [cxt 0] Deparser 'deparser': end
[06:09:42.310] [bmv2] [D] [thread 3195] [20.0] [cxt 0] Transmitting packet of size 70 out of port 0
[06:09:42.820] [bmv2] [D] [thread 3190] [21.0] [cxt 0] Processing packet received on port 2
[06:09:42.820] [bmv2] [D] [thread 3190] [21.0] [cxt 0] Parser 'parser': start
[06:09:42.820] [bmv2] [D] [thread 3190] [21.0] [cxt 0] Parser 'parser' entering state 'start'
[06:09:42.820] [bmv2] [D] [thread 3190] [21.0] [cxt 0] Extracting header 'ethernet'
[06:09:42.820] [bmv2] [D] [thread 3190] [21.0] [cxt 0] Parser state 'start': key is 86dd
[06:09:42.820] [bmv2] [T] [thread 3190] [21.0] [cxt 0] Bytes parsed: 14
[06:09:42.820] [bmv2] [D] [thread 3190] [21.0] [cxt 0] Parser 'parser': end
[06:09:42.820] [bmv2] [D] [thread 3190] [21.0] [cxt 0] Pipeline 'ingress': start
[06:09:42.820] [bmv2] [T] [thread 3190] [21.0] [cxt 0] basic.p4(121) Condition "pkt_size <= 155" (node_2) is true
[06:09:42.820] [bmv2] [T] [thread 3190] [21.0] [cxt 0] basic.p4(122) Condition "pkt_size <= 57" (node_3) is false
[06:09:42.820] [bmv2] [T] [thread 3190] [21.0] [cxt 0] basic.p4(129) Condition "pkt_size <= 60" (node_7) is false
[06:09:42.820] [bmv2] [T] [thread 3190] [21.0] [cxt 0] Applying table 'tbl_set_custom_value_2'
[06:09:42.820] [bmv2] [D] [thread 3190] [21.0] [cxt 0] Looking up key:

[06:09:42.820] [bmv2] [D] [thread 3190] [21.0] [cxt 0] Table 'tbl_set_custom_value_2': miss
[06:09:42.820] [bmv2] [D] [thread 3190] [21.0] [cxt 0] Action entry is MyIngress.set_custom_value - 
[06:09:42.820] [bmv2] [T] [thread 3190] [21.0] [cxt 0] Action MyIngress.set_custom_value
[06:09:42.820] [bmv2] [T] [thread 3190] [21.0] [cxt 0] basic.p4(100) Primitive hdr.ipv4.ttl = custom_value
[06:09:42.820] [bmv2] [T] [thread 3190] [21.0] [cxt 0] basic.p4(150) Condition "hdr.ipv4.isValid()" (node_17) is false
[06:09:42.820] [bmv2] [D] [thread 3190] [21.0] [cxt 0] Pipeline 'ingress': end
[06:09:42.820] [bmv2] [D] [thread 3190] [21.0] [cxt 0] Egress port is 0
[06:09:42.820] [bmv2] [D] [thread 3191] [21.0] [cxt 0] Pipeline 'egress': start
[06:09:42.820] [bmv2] [D] [thread 3191] [21.0] [cxt 0] Pipeline 'egress': end
[06:09:42.820] [bmv2] [D] [thread 3191] [21.0] [cxt 0] Deparser 'deparser': start
[06:09:42.820] [bmv2] [T] [thread 3191] [21.0] [cxt 0] Skipping checksum 'cksum' update because condition not met
[06:09:42.820] [bmv2] [D] [thread 3191] [21.0] [cxt 0] Deparsing header 'ethernet'
[06:09:42.820] [bmv2] [D] [thread 3191] [21.0] [cxt 0] Deparser 'deparser': end
[06:09:42.820] [bmv2] [D] [thread 3195] [21.0] [cxt 0] Transmitting packet of size 70 out of port 0
[06:09:43.591] [bmv2] [D] [thread 3190] [22.0] [cxt 0] Processing packet received on port 2
[06:09:43.591] [bmv2] [D] [thread 3190] [22.0] [cxt 0] Parser 'parser': start
[06:09:43.591] [bmv2] [D] [thread 3190] [22.0] [cxt 0] Parser 'parser' entering state 'start'
[06:09:43.591] [bmv2] [D] [thread 3190] [22.0] [cxt 0] Extracting header 'ethernet'
[06:09:43.591] [bmv2] [D] [thread 3190] [22.0] [cxt 0] Parser state 'start': key is 86dd
[06:09:43.591] [bmv2] [T] [thread 3190] [22.0] [cxt 0] Bytes parsed: 14
[06:09:43.591] [bmv2] [D] [thread 3190] [22.0] [cxt 0] Parser 'parser': end
[06:09:43.591] [bmv2] [D] [thread 3190] [22.0] [cxt 0] Pipeline 'ingress': start
[06:09:43.591] [bmv2] [T] [thread 3190] [22.0] [cxt 0] basic.p4(121) Condition "pkt_size <= 155" (node_2) is true
[06:09:43.591] [bmv2] [T] [thread 3190] [22.0] [cxt 0] basic.p4(122) Condition "pkt_size <= 57" (node_3) is false
[06:09:43.591] [bmv2] [T] [thread 3190] [22.0] [cxt 0] basic.p4(129) Condition "pkt_size <= 60" (node_7) is false
[06:09:43.591] [bmv2] [T] [thread 3190] [22.0] [cxt 0] Applying table 'tbl_set_custom_value_2'
[06:09:43.591] [bmv2] [D] [thread 3190] [22.0] [cxt 0] Looking up key:

[06:09:43.591] [bmv2] [D] [thread 3190] [22.0] [cxt 0] Table 'tbl_set_custom_value_2': miss
[06:09:43.591] [bmv2] [D] [thread 3190] [22.0] [cxt 0] Action entry is MyIngress.set_custom_value - 
[06:09:43.591] [bmv2] [T] [thread 3190] [22.0] [cxt 0] Action MyIngress.set_custom_value
[06:09:43.591] [bmv2] [T] [thread 3190] [22.0] [cxt 0] basic.p4(100) Primitive hdr.ipv4.ttl = custom_value
[06:09:43.591] [bmv2] [T] [thread 3190] [22.0] [cxt 0] basic.p4(150) Condition "hdr.ipv4.isValid()" (node_17) is false
[06:09:43.591] [bmv2] [D] [thread 3190] [22.0] [cxt 0] Pipeline 'ingress': end
[06:09:43.591] [bmv2] [D] [thread 3190] [22.0] [cxt 0] Egress port is 0
[06:09:43.591] [bmv2] [D] [thread 3191] [22.0] [cxt 0] Pipeline 'egress': start
[06:09:43.591] [bmv2] [D] [thread 3191] [22.0] [cxt 0] Pipeline 'egress': end
[06:09:43.591] [bmv2] [D] [thread 3191] [22.0] [cxt 0] Deparser 'deparser': start
[06:09:43.591] [bmv2] [T] [thread 3191] [22.0] [cxt 0] Skipping checksum 'cksum' update because condition not met
[06:09:43.591] [bmv2] [D] [thread 3191] [22.0] [cxt 0] Deparsing header 'ethernet'
[06:09:43.591] [bmv2] [D] [thread 3191] [22.0] [cxt 0] Deparser 'deparser': end
[06:09:43.591] [bmv2] [D] [thread 3195] [22.0] [cxt 0] Transmitting packet of size 70 out of port 0
[06:09:45.635] [bmv2] [D] [thread 3190] [23.0] [cxt 0] Processing packet received on port 1
[06:09:45.635] [bmv2] [D] [thread 3190] [23.0] [cxt 0] Parser 'parser': start
[06:09:45.635] [bmv2] [D] [thread 3190] [23.0] [cxt 0] Parser 'parser' entering state 'start'
[06:09:45.635] [bmv2] [D] [thread 3190] [23.0] [cxt 0] Extracting header 'ethernet'
[06:09:45.635] [bmv2] [D] [thread 3190] [23.0] [cxt 0] Parser state 'start': key is 86dd
[06:09:45.635] [bmv2] [T] [thread 3190] [23.0] [cxt 0] Bytes parsed: 14
[06:09:45.635] [bmv2] [D] [thread 3190] [23.0] [cxt 0] Parser 'parser': end
[06:09:45.635] [bmv2] [D] [thread 3190] [23.0] [cxt 0] Pipeline 'ingress': start
[06:09:45.635] [bmv2] [T] [thread 3190] [23.0] [cxt 0] basic.p4(121) Condition "pkt_size <= 155" (node_2) is true
[06:09:45.635] [bmv2] [T] [thread 3190] [23.0] [cxt 0] basic.p4(122) Condition "pkt_size <= 57" (node_3) is false
[06:09:45.635] [bmv2] [T] [thread 3190] [23.0] [cxt 0] basic.p4(129) Condition "pkt_size <= 60" (node_7) is false
[06:09:45.635] [bmv2] [T] [thread 3190] [23.0] [cxt 0] Applying table 'tbl_set_custom_value_2'
[06:09:45.635] [bmv2] [D] [thread 3190] [23.0] [cxt 0] Looking up key:

[06:09:45.635] [bmv2] [D] [thread 3190] [23.0] [cxt 0] Table 'tbl_set_custom_value_2': miss
[06:09:45.635] [bmv2] [D] [thread 3190] [23.0] [cxt 0] Action entry is MyIngress.set_custom_value - 
[06:09:45.635] [bmv2] [T] [thread 3190] [23.0] [cxt 0] Action MyIngress.set_custom_value
[06:09:45.635] [bmv2] [T] [thread 3190] [23.0] [cxt 0] basic.p4(100) Primitive hdr.ipv4.ttl = custom_value
[06:09:45.635] [bmv2] [T] [thread 3190] [23.0] [cxt 0] basic.p4(150) Condition "hdr.ipv4.isValid()" (node_17) is false
[06:09:45.635] [bmv2] [D] [thread 3190] [23.0] [cxt 0] Pipeline 'ingress': end
[06:09:45.635] [bmv2] [D] [thread 3190] [23.0] [cxt 0] Egress port is 0
[06:09:45.635] [bmv2] [D] [thread 3191] [23.0] [cxt 0] Pipeline 'egress': start
[06:09:45.635] [bmv2] [D] [thread 3191] [23.0] [cxt 0] Pipeline 'egress': end
[06:09:45.635] [bmv2] [D] [thread 3191] [23.0] [cxt 0] Deparser 'deparser': start
[06:09:45.635] [bmv2] [T] [thread 3191] [23.0] [cxt 0] Skipping checksum 'cksum' update because condition not met
[06:09:45.635] [bmv2] [D] [thread 3191] [23.0] [cxt 0] Deparsing header 'ethernet'
[06:09:45.635] [bmv2] [D] [thread 3191] [23.0] [cxt 0] Deparser 'deparser': end
[06:09:45.635] [bmv2] [D] [thread 3195] [23.0] [cxt 0] Transmitting packet of size 70 out of port 0
[06:10:14.308] [bmv2] [D] [thread 3190] [24.0] [cxt 0] Processing packet received on port 2
[06:10:14.308] [bmv2] [D] [thread 3190] [24.0] [cxt 0] Parser 'parser': start
[06:10:14.308] [bmv2] [D] [thread 3190] [24.0] [cxt 0] Parser 'parser' entering state 'start'
[06:10:14.308] [bmv2] [D] [thread 3190] [24.0] [cxt 0] Extracting header 'ethernet'
[06:10:14.308] [bmv2] [D] [thread 3190] [24.0] [cxt 0] Parser state 'start': key is 86dd
[06:10:14.308] [bmv2] [T] [thread 3190] [24.0] [cxt 0] Bytes parsed: 14
[06:10:14.308] [bmv2] [D] [thread 3190] [24.0] [cxt 0] Parser 'parser': end
[06:10:14.308] [bmv2] [D] [thread 3190] [24.0] [cxt 0] Pipeline 'ingress': start
[06:10:14.308] [bmv2] [T] [thread 3190] [24.0] [cxt 0] basic.p4(121) Condition "pkt_size <= 155" (node_2) is true
[06:10:14.308] [bmv2] [T] [thread 3190] [24.0] [cxt 0] basic.p4(122) Condition "pkt_size <= 57" (node_3) is false
[06:10:14.308] [bmv2] [T] [thread 3190] [24.0] [cxt 0] basic.p4(129) Condition "pkt_size <= 60" (node_7) is false
[06:10:14.308] [bmv2] [T] [thread 3190] [24.0] [cxt 0] Applying table 'tbl_set_custom_value_2'
[06:10:14.308] [bmv2] [D] [thread 3190] [24.0] [cxt 0] Looking up key:

[06:10:14.308] [bmv2] [D] [thread 3190] [24.0] [cxt 0] Table 'tbl_set_custom_value_2': miss
[06:10:14.308] [bmv2] [D] [thread 3190] [24.0] [cxt 0] Action entry is MyIngress.set_custom_value - 
[06:10:14.308] [bmv2] [T] [thread 3190] [24.0] [cxt 0] Action MyIngress.set_custom_value
[06:10:14.308] [bmv2] [T] [thread 3190] [24.0] [cxt 0] basic.p4(100) Primitive hdr.ipv4.ttl = custom_value
[06:10:14.308] [bmv2] [T] [thread 3190] [24.0] [cxt 0] basic.p4(150) Condition "hdr.ipv4.isValid()" (node_17) is false
[06:10:14.308] [bmv2] [D] [thread 3190] [24.0] [cxt 0] Pipeline 'ingress': end
[06:10:14.308] [bmv2] [D] [thread 3190] [24.0] [cxt 0] Egress port is 0
[06:10:14.308] [bmv2] [D] [thread 3191] [24.0] [cxt 0] Pipeline 'egress': start
[06:10:14.308] [bmv2] [D] [thread 3191] [24.0] [cxt 0] Pipeline 'egress': end
[06:10:14.308] [bmv2] [D] [thread 3191] [24.0] [cxt 0] Deparser 'deparser': start
[06:10:14.308] [bmv2] [T] [thread 3191] [24.0] [cxt 0] Skipping checksum 'cksum' update because condition not met
[06:10:14.308] [bmv2] [D] [thread 3191] [24.0] [cxt 0] Deparsing header 'ethernet'
[06:10:14.308] [bmv2] [D] [thread 3191] [24.0] [cxt 0] Deparser 'deparser': end
[06:10:14.308] [bmv2] [D] [thread 3195] [24.0] [cxt 0] Transmitting packet of size 70 out of port 0
[06:10:14.312] [bmv2] [D] [thread 3190] [25.0] [cxt 0] Processing packet received on port 1
[06:10:14.312] [bmv2] [D] [thread 3190] [25.0] [cxt 0] Parser 'parser': start
[06:10:14.312] [bmv2] [D] [thread 3190] [25.0] [cxt 0] Parser 'parser' entering state 'start'
[06:10:14.312] [bmv2] [D] [thread 3190] [25.0] [cxt 0] Extracting header 'ethernet'
[06:10:14.312] [bmv2] [D] [thread 3190] [25.0] [cxt 0] Parser state 'start': key is 86dd
[06:10:14.312] [bmv2] [T] [thread 3190] [25.0] [cxt 0] Bytes parsed: 14
[06:10:14.312] [bmv2] [D] [thread 3190] [25.0] [cxt 0] Parser 'parser': end
[06:10:14.312] [bmv2] [D] [thread 3190] [25.0] [cxt 0] Pipeline 'ingress': start
[06:10:14.312] [bmv2] [T] [thread 3190] [25.0] [cxt 0] basic.p4(121) Condition "pkt_size <= 155" (node_2) is true
[06:10:14.312] [bmv2] [T] [thread 3190] [25.0] [cxt 0] basic.p4(122) Condition "pkt_size <= 57" (node_3) is false
[06:10:14.312] [bmv2] [T] [thread 3190] [25.0] [cxt 0] basic.p4(129) Condition "pkt_size <= 60" (node_7) is false
[06:10:14.312] [bmv2] [T] [thread 3190] [25.0] [cxt 0] Applying table 'tbl_set_custom_value_2'
[06:10:14.312] [bmv2] [D] [thread 3190] [25.0] [cxt 0] Looking up key:

[06:10:14.312] [bmv2] [D] [thread 3190] [25.0] [cxt 0] Table 'tbl_set_custom_value_2': miss
[06:10:14.312] [bmv2] [D] [thread 3190] [25.0] [cxt 0] Action entry is MyIngress.set_custom_value - 
[06:10:14.312] [bmv2] [T] [thread 3190] [25.0] [cxt 0] Action MyIngress.set_custom_value
[06:10:14.312] [bmv2] [T] [thread 3190] [25.0] [cxt 0] basic.p4(100) Primitive hdr.ipv4.ttl = custom_value
[06:10:14.312] [bmv2] [T] [thread 3190] [25.0] [cxt 0] basic.p4(150) Condition "hdr.ipv4.isValid()" (node_17) is false
[06:10:14.312] [bmv2] [D] [thread 3190] [25.0] [cxt 0] Pipeline 'ingress': end
[06:10:14.312] [bmv2] [D] [thread 3190] [25.0] [cxt 0] Egress port is 0
[06:10:14.312] [bmv2] [D] [thread 3191] [25.0] [cxt 0] Pipeline 'egress': start
[06:10:14.312] [bmv2] [D] [thread 3191] [25.0] [cxt 0] Pipeline 'egress': end
[06:10:14.312] [bmv2] [D] [thread 3191] [25.0] [cxt 0] Deparser 'deparser': start
[06:10:14.312] [bmv2] [T] [thread 3191] [25.0] [cxt 0] Skipping checksum 'cksum' update because condition not met
[06:10:14.312] [bmv2] [D] [thread 3191] [25.0] [cxt 0] Deparsing header 'ethernet'
[06:10:14.312] [bmv2] [D] [thread 3191] [25.0] [cxt 0] Deparser 'deparser': end
[06:10:14.312] [bmv2] [D] [thread 3195] [25.0] [cxt 0] Transmitting packet of size 70 out of port 0
[06:10:16.359] [bmv2] [D] [thread 3190] [26.0] [cxt 0] Processing packet received on port 2
[06:10:16.359] [bmv2] [D] [thread 3190] [26.0] [cxt 0] Parser 'parser': start
[06:10:16.359] [bmv2] [D] [thread 3190] [26.0] [cxt 0] Parser 'parser' entering state 'start'
[06:10:16.359] [bmv2] [D] [thread 3190] [26.0] [cxt 0] Extracting header 'ethernet'
[06:10:16.359] [bmv2] [D] [thread 3190] [26.0] [cxt 0] Parser state 'start': key is 86dd
[06:10:16.359] [bmv2] [T] [thread 3190] [26.0] [cxt 0] Bytes parsed: 14
[06:10:16.359] [bmv2] [D] [thread 3190] [26.0] [cxt 0] Parser 'parser': end
[06:10:16.359] [bmv2] [D] [thread 3190] [26.0] [cxt 0] Pipeline 'ingress': start
[06:10:16.359] [bmv2] [T] [thread 3190] [26.0] [cxt 0] basic.p4(121) Condition "pkt_size <= 155" (node_2) is true
[06:10:16.359] [bmv2] [T] [thread 3190] [26.0] [cxt 0] basic.p4(122) Condition "pkt_size <= 57" (node_3) is false
[06:10:16.359] [bmv2] [T] [thread 3190] [26.0] [cxt 0] basic.p4(129) Condition "pkt_size <= 60" (node_7) is false
[06:10:16.359] [bmv2] [T] [thread 3190] [26.0] [cxt 0] Applying table 'tbl_set_custom_value_2'
[06:10:16.359] [bmv2] [D] [thread 3190] [26.0] [cxt 0] Looking up key:

[06:10:16.359] [bmv2] [D] [thread 3190] [26.0] [cxt 0] Table 'tbl_set_custom_value_2': miss
[06:10:16.359] [bmv2] [D] [thread 3190] [26.0] [cxt 0] Action entry is MyIngress.set_custom_value - 
[06:10:16.359] [bmv2] [T] [thread 3190] [26.0] [cxt 0] Action MyIngress.set_custom_value
[06:10:16.359] [bmv2] [T] [thread 3190] [26.0] [cxt 0] basic.p4(100) Primitive hdr.ipv4.ttl = custom_value
[06:10:16.359] [bmv2] [T] [thread 3190] [26.0] [cxt 0] basic.p4(150) Condition "hdr.ipv4.isValid()" (node_17) is false
[06:10:16.359] [bmv2] [D] [thread 3190] [26.0] [cxt 0] Pipeline 'ingress': end
[06:10:16.359] [bmv2] [D] [thread 3190] [26.0] [cxt 0] Egress port is 0
[06:10:16.359] [bmv2] [D] [thread 3191] [26.0] [cxt 0] Pipeline 'egress': start
[06:10:16.359] [bmv2] [D] [thread 3191] [26.0] [cxt 0] Pipeline 'egress': end
[06:10:16.359] [bmv2] [D] [thread 3191] [26.0] [cxt 0] Deparser 'deparser': start
[06:10:16.359] [bmv2] [T] [thread 3191] [26.0] [cxt 0] Skipping checksum 'cksum' update because condition not met
[06:10:16.359] [bmv2] [D] [thread 3191] [26.0] [cxt 0] Deparsing header 'ethernet'
[06:10:16.359] [bmv2] [D] [thread 3191] [26.0] [cxt 0] Deparser 'deparser': end
[06:10:16.359] [bmv2] [D] [thread 3195] [26.0] [cxt 0] Transmitting packet of size 70 out of port 0
[06:10:24.610] [bmv2] [D] [thread 3190] [27.0] [cxt 0] Processing packet received on port 1
[06:10:24.612] [bmv2] [D] [thread 3190] [27.0] [cxt 0] Parser 'parser': start
[06:10:24.612] [bmv2] [D] [thread 3190] [27.0] [cxt 0] Parser 'parser' entering state 'start'
[06:10:24.612] [bmv2] [D] [thread 3190] [27.0] [cxt 0] Extracting header 'ethernet'
[06:10:24.612] [bmv2] [D] [thread 3190] [27.0] [cxt 0] Parser state 'start': key is 86dd
[06:10:24.612] [bmv2] [T] [thread 3190] [27.0] [cxt 0] Bytes parsed: 14
[06:10:24.612] [bmv2] [D] [thread 3190] [27.0] [cxt 0] Parser 'parser': end
[06:10:24.612] [bmv2] [D] [thread 3190] [27.0] [cxt 0] Pipeline 'ingress': start
[06:10:24.612] [bmv2] [T] [thread 3190] [27.0] [cxt 0] basic.p4(121) Condition "pkt_size <= 155" (node_2) is true
[06:10:24.612] [bmv2] [T] [thread 3190] [27.0] [cxt 0] basic.p4(122) Condition "pkt_size <= 57" (node_3) is false
[06:10:24.612] [bmv2] [T] [thread 3190] [27.0] [cxt 0] basic.p4(129) Condition "pkt_size <= 60" (node_7) is false
[06:10:24.612] [bmv2] [T] [thread 3190] [27.0] [cxt 0] Applying table 'tbl_set_custom_value_2'
[06:10:24.612] [bmv2] [D] [thread 3190] [27.0] [cxt 0] Looking up key:

[06:10:24.612] [bmv2] [D] [thread 3190] [27.0] [cxt 0] Table 'tbl_set_custom_value_2': miss
[06:10:24.612] [bmv2] [D] [thread 3190] [27.0] [cxt 0] Action entry is MyIngress.set_custom_value - 
[06:10:24.612] [bmv2] [T] [thread 3190] [27.0] [cxt 0] Action MyIngress.set_custom_value
[06:10:24.612] [bmv2] [T] [thread 3190] [27.0] [cxt 0] basic.p4(100) Primitive hdr.ipv4.ttl = custom_value
[06:10:24.612] [bmv2] [T] [thread 3190] [27.0] [cxt 0] basic.p4(150) Condition "hdr.ipv4.isValid()" (node_17) is false
[06:10:24.612] [bmv2] [D] [thread 3190] [27.0] [cxt 0] Pipeline 'ingress': end
[06:10:24.612] [bmv2] [D] [thread 3190] [27.0] [cxt 0] Egress port is 0
[06:10:24.612] [bmv2] [D] [thread 3191] [27.0] [cxt 0] Pipeline 'egress': start
[06:10:24.612] [bmv2] [D] [thread 3191] [27.0] [cxt 0] Pipeline 'egress': end
[06:10:24.612] [bmv2] [D] [thread 3191] [27.0] [cxt 0] Deparser 'deparser': start
[06:10:24.612] [bmv2] [T] [thread 3191] [27.0] [cxt 0] Skipping checksum 'cksum' update because condition not met
[06:10:24.612] [bmv2] [D] [thread 3191] [27.0] [cxt 0] Deparsing header 'ethernet'
[06:10:24.612] [bmv2] [D] [thread 3191] [27.0] [cxt 0] Deparser 'deparser': end
[06:10:24.613] [bmv2] [D] [thread 3195] [27.0] [cxt 0] Transmitting packet of size 70 out of port 0
[06:11:17.836] [bmv2] [D] [thread 3190] [28.0] [cxt 0] Processing packet received on port 1
[06:11:17.836] [bmv2] [D] [thread 3190] [28.0] [cxt 0] Parser 'parser': start
[06:11:17.836] [bmv2] [D] [thread 3190] [28.0] [cxt 0] Parser 'parser' entering state 'start'
[06:11:17.836] [bmv2] [D] [thread 3190] [28.0] [cxt 0] Extracting header 'ethernet'
[06:11:17.836] [bmv2] [D] [thread 3190] [28.0] [cxt 0] Parser state 'start': key is 86dd
[06:11:17.837] [bmv2] [T] [thread 3190] [28.0] [cxt 0] Bytes parsed: 14
[06:11:17.837] [bmv2] [D] [thread 3190] [28.0] [cxt 0] Parser 'parser': end
[06:11:17.837] [bmv2] [D] [thread 3190] [28.0] [cxt 0] Pipeline 'ingress': start
[06:11:17.837] [bmv2] [T] [thread 3190] [28.0] [cxt 0] basic.p4(121) Condition "pkt_size <= 155" (node_2) is true
[06:11:17.837] [bmv2] [T] [thread 3190] [28.0] [cxt 0] basic.p4(122) Condition "pkt_size <= 57" (node_3) is false
[06:11:17.837] [bmv2] [T] [thread 3190] [28.0] [cxt 0] basic.p4(129) Condition "pkt_size <= 60" (node_7) is false
[06:11:17.837] [bmv2] [T] [thread 3190] [28.0] [cxt 0] Applying table 'tbl_set_custom_value_2'
[06:11:17.837] [bmv2] [D] [thread 3190] [28.0] [cxt 0] Looking up key:

[06:11:17.837] [bmv2] [D] [thread 3190] [28.0] [cxt 0] Table 'tbl_set_custom_value_2': miss
[06:11:17.837] [bmv2] [D] [thread 3190] [28.0] [cxt 0] Action entry is MyIngress.set_custom_value - 
[06:11:17.837] [bmv2] [T] [thread 3190] [28.0] [cxt 0] Action MyIngress.set_custom_value
[06:11:17.837] [bmv2] [T] [thread 3190] [28.0] [cxt 0] basic.p4(100) Primitive hdr.ipv4.ttl = custom_value
[06:11:17.837] [bmv2] [T] [thread 3190] [28.0] [cxt 0] basic.p4(150) Condition "hdr.ipv4.isValid()" (node_17) is false
[06:11:17.837] [bmv2] [D] [thread 3190] [28.0] [cxt 0] Pipeline 'ingress': end
[06:11:17.837] [bmv2] [D] [thread 3190] [28.0] [cxt 0] Egress port is 0
[06:11:17.837] [bmv2] [D] [thread 3191] [28.0] [cxt 0] Pipeline 'egress': start
[06:11:17.837] [bmv2] [D] [thread 3191] [28.0] [cxt 0] Pipeline 'egress': end
[06:11:17.837] [bmv2] [D] [thread 3191] [28.0] [cxt 0] Deparser 'deparser': start
[06:11:17.837] [bmv2] [T] [thread 3191] [28.0] [cxt 0] Skipping checksum 'cksum' update because condition not met
[06:11:17.837] [bmv2] [D] [thread 3191] [28.0] [cxt 0] Deparsing header 'ethernet'
[06:11:17.837] [bmv2] [D] [thread 3191] [28.0] [cxt 0] Deparser 'deparser': end
[06:11:17.837] [bmv2] [D] [thread 3195] [28.0] [cxt 0] Transmitting packet of size 70 out of port 0
[06:11:19.846] [bmv2] [D] [thread 3190] [29.0] [cxt 0] Processing packet received on port 2
[06:11:19.846] [bmv2] [D] [thread 3190] [29.0] [cxt 0] Parser 'parser': start
[06:11:19.846] [bmv2] [D] [thread 3190] [29.0] [cxt 0] Parser 'parser' entering state 'start'
[06:11:19.846] [bmv2] [D] [thread 3190] [29.0] [cxt 0] Extracting header 'ethernet'
[06:11:19.846] [bmv2] [D] [thread 3190] [29.0] [cxt 0] Parser state 'start': key is 86dd
[06:11:19.846] [bmv2] [T] [thread 3190] [29.0] [cxt 0] Bytes parsed: 14
[06:11:19.846] [bmv2] [D] [thread 3190] [29.0] [cxt 0] Parser 'parser': end
[06:11:19.846] [bmv2] [D] [thread 3190] [29.0] [cxt 0] Pipeline 'ingress': start
[06:11:19.846] [bmv2] [T] [thread 3190] [29.0] [cxt 0] basic.p4(121) Condition "pkt_size <= 155" (node_2) is true
[06:11:19.846] [bmv2] [T] [thread 3190] [29.0] [cxt 0] basic.p4(122) Condition "pkt_size <= 57" (node_3) is false
[06:11:19.846] [bmv2] [T] [thread 3190] [29.0] [cxt 0] basic.p4(129) Condition "pkt_size <= 60" (node_7) is false
[06:11:19.846] [bmv2] [T] [thread 3190] [29.0] [cxt 0] Applying table 'tbl_set_custom_value_2'
[06:11:19.846] [bmv2] [D] [thread 3190] [29.0] [cxt 0] Looking up key:

[06:11:19.846] [bmv2] [D] [thread 3190] [29.0] [cxt 0] Table 'tbl_set_custom_value_2': miss
[06:11:19.846] [bmv2] [D] [thread 3190] [29.0] [cxt 0] Action entry is MyIngress.set_custom_value - 
[06:11:19.846] [bmv2] [T] [thread 3190] [29.0] [cxt 0] Action MyIngress.set_custom_value
[06:11:19.846] [bmv2] [T] [thread 3190] [29.0] [cxt 0] basic.p4(100) Primitive hdr.ipv4.ttl = custom_value
[06:11:19.846] [bmv2] [T] [thread 3190] [29.0] [cxt 0] basic.p4(150) Condition "hdr.ipv4.isValid()" (node_17) is false
[06:11:19.846] [bmv2] [D] [thread 3190] [29.0] [cxt 0] Pipeline 'ingress': end
[06:11:19.846] [bmv2] [D] [thread 3190] [29.0] [cxt 0] Egress port is 0
[06:11:19.847] [bmv2] [D] [thread 3191] [29.0] [cxt 0] Pipeline 'egress': start
[06:11:19.847] [bmv2] [D] [thread 3191] [29.0] [cxt 0] Pipeline 'egress': end
[06:11:19.847] [bmv2] [D] [thread 3191] [29.0] [cxt 0] Deparser 'deparser': start
[06:11:19.847] [bmv2] [T] [thread 3191] [29.0] [cxt 0] Skipping checksum 'cksum' update because condition not met
[06:11:19.847] [bmv2] [D] [thread 3191] [29.0] [cxt 0] Deparsing header 'ethernet'
[06:11:19.847] [bmv2] [D] [thread 3191] [29.0] [cxt 0] Deparser 'deparser': end
[06:11:19.847] [bmv2] [D] [thread 3195] [29.0] [cxt 0] Transmitting packet of size 70 out of port 0
[06:11:23.939] [bmv2] [D] [thread 3190] [30.0] [cxt 0] Processing packet received on port 2
[06:11:23.939] [bmv2] [D] [thread 3190] [30.0] [cxt 0] Parser 'parser': start
[06:11:23.939] [bmv2] [D] [thread 3190] [30.0] [cxt 0] Parser 'parser' entering state 'start'
[06:11:23.939] [bmv2] [D] [thread 3190] [30.0] [cxt 0] Extracting header 'ethernet'
[06:11:23.939] [bmv2] [D] [thread 3190] [30.0] [cxt 0] Parser state 'start': key is 86dd
[06:11:23.939] [bmv2] [T] [thread 3190] [30.0] [cxt 0] Bytes parsed: 14
[06:11:23.939] [bmv2] [D] [thread 3190] [30.0] [cxt 0] Parser 'parser': end
[06:11:23.939] [bmv2] [D] [thread 3190] [30.0] [cxt 0] Pipeline 'ingress': start
[06:11:23.939] [bmv2] [T] [thread 3190] [30.0] [cxt 0] basic.p4(121) Condition "pkt_size <= 155" (node_2) is true
[06:11:23.939] [bmv2] [T] [thread 3190] [30.0] [cxt 0] basic.p4(122) Condition "pkt_size <= 57" (node_3) is false
[06:11:23.939] [bmv2] [T] [thread 3190] [30.0] [cxt 0] basic.p4(129) Condition "pkt_size <= 60" (node_7) is false
[06:11:23.939] [bmv2] [T] [thread 3190] [30.0] [cxt 0] Applying table 'tbl_set_custom_value_2'
[06:11:23.939] [bmv2] [D] [thread 3190] [30.0] [cxt 0] Looking up key:

[06:11:23.939] [bmv2] [D] [thread 3190] [30.0] [cxt 0] Table 'tbl_set_custom_value_2': miss
[06:11:23.939] [bmv2] [D] [thread 3190] [30.0] [cxt 0] Action entry is MyIngress.set_custom_value - 
[06:11:23.939] [bmv2] [T] [thread 3190] [30.0] [cxt 0] Action MyIngress.set_custom_value
[06:11:23.939] [bmv2] [T] [thread 3190] [30.0] [cxt 0] basic.p4(100) Primitive hdr.ipv4.ttl = custom_value
[06:11:23.939] [bmv2] [T] [thread 3190] [30.0] [cxt 0] basic.p4(150) Condition "hdr.ipv4.isValid()" (node_17) is false
[06:11:23.939] [bmv2] [D] [thread 3190] [30.0] [cxt 0] Pipeline 'ingress': end
[06:11:23.939] [bmv2] [D] [thread 3190] [30.0] [cxt 0] Egress port is 0
[06:11:23.939] [bmv2] [D] [thread 3191] [30.0] [cxt 0] Pipeline 'egress': start
[06:11:23.939] [bmv2] [D] [thread 3191] [30.0] [cxt 0] Pipeline 'egress': end
[06:11:23.939] [bmv2] [D] [thread 3191] [30.0] [cxt 0] Deparser 'deparser': start
[06:11:23.939] [bmv2] [T] [thread 3191] [30.0] [cxt 0] Skipping checksum 'cksum' update because condition not met
[06:11:23.939] [bmv2] [D] [thread 3191] [30.0] [cxt 0] Deparsing header 'ethernet'
[06:11:23.939] [bmv2] [D] [thread 3191] [30.0] [cxt 0] Deparser 'deparser': end
[06:11:23.939] [bmv2] [D] [thread 3195] [30.0] [cxt 0] Transmitting packet of size 70 out of port 0
[06:11:40.327] [bmv2] [D] [thread 3190] [31.0] [cxt 0] Processing packet received on port 1
[06:11:40.327] [bmv2] [D] [thread 3190] [31.0] [cxt 0] Parser 'parser': start
[06:11:40.327] [bmv2] [D] [thread 3190] [31.0] [cxt 0] Parser 'parser' entering state 'start'
[06:11:40.327] [bmv2] [D] [thread 3190] [31.0] [cxt 0] Extracting header 'ethernet'
[06:11:40.327] [bmv2] [D] [thread 3190] [31.0] [cxt 0] Parser state 'start': key is 86dd
[06:11:40.327] [bmv2] [T] [thread 3190] [31.0] [cxt 0] Bytes parsed: 14
[06:11:40.327] [bmv2] [D] [thread 3190] [31.0] [cxt 0] Parser 'parser': end
[06:11:40.327] [bmv2] [D] [thread 3190] [31.0] [cxt 0] Pipeline 'ingress': start
[06:11:40.327] [bmv2] [T] [thread 3190] [31.0] [cxt 0] basic.p4(121) Condition "pkt_size <= 155" (node_2) is true
[06:11:40.327] [bmv2] [T] [thread 3190] [31.0] [cxt 0] basic.p4(122) Condition "pkt_size <= 57" (node_3) is false
[06:11:40.327] [bmv2] [T] [thread 3190] [31.0] [cxt 0] basic.p4(129) Condition "pkt_size <= 60" (node_7) is false
[06:11:40.327] [bmv2] [T] [thread 3190] [31.0] [cxt 0] Applying table 'tbl_set_custom_value_2'
[06:11:40.327] [bmv2] [D] [thread 3190] [31.0] [cxt 0] Looking up key:

[06:11:40.327] [bmv2] [D] [thread 3190] [31.0] [cxt 0] Table 'tbl_set_custom_value_2': miss
[06:11:40.327] [bmv2] [D] [thread 3190] [31.0] [cxt 0] Action entry is MyIngress.set_custom_value - 
[06:11:40.327] [bmv2] [T] [thread 3190] [31.0] [cxt 0] Action MyIngress.set_custom_value
[06:11:40.327] [bmv2] [T] [thread 3190] [31.0] [cxt 0] basic.p4(100) Primitive hdr.ipv4.ttl = custom_value
[06:11:40.327] [bmv2] [T] [thread 3190] [31.0] [cxt 0] basic.p4(150) Condition "hdr.ipv4.isValid()" (node_17) is false
[06:11:40.327] [bmv2] [D] [thread 3190] [31.0] [cxt 0] Pipeline 'ingress': end
[06:11:40.327] [bmv2] [D] [thread 3190] [31.0] [cxt 0] Egress port is 0
[06:11:40.327] [bmv2] [D] [thread 3191] [31.0] [cxt 0] Pipeline 'egress': start
[06:11:40.327] [bmv2] [D] [thread 3191] [31.0] [cxt 0] Pipeline 'egress': end
[06:11:40.327] [bmv2] [D] [thread 3191] [31.0] [cxt 0] Deparser 'deparser': start
[06:11:40.327] [bmv2] [T] [thread 3191] [31.0] [cxt 0] Skipping checksum 'cksum' update because condition not met
[06:11:40.327] [bmv2] [D] [thread 3191] [31.0] [cxt 0] Deparsing header 'ethernet'
[06:11:40.327] [bmv2] [D] [thread 3191] [31.0] [cxt 0] Deparser 'deparser': end
[06:11:40.327] [bmv2] [D] [thread 3195] [31.0] [cxt 0] Transmitting packet of size 70 out of port 0
open: No such file or directory
open: No such file or directory
open: No such file or directory
open: No such file or directory
