Calling target program-options parser
[06:09:14.976] [bmv2] [D] [thread 3197] Set default default entry for table 'tbl_set_custom_value': MyIngress.set_custom_value - 
[06:09:14.976] [bmv2] [D] [thread 3197] Set default default entry for table 'tbl_set_custom_value_0': MyIngress.set_custom_value - 
[06:09:14.976] [bmv2] [D] [thread 3197] Set default default entry for table 'tbl_set_custom_value_1': MyIngress.set_custom_value - 
[06:09:14.976] [bmv2] [D] [thread 3197] Set default default entry for table 'tbl_set_custom_value_2': MyIngress.set_custom_value - 
[06:09:14.976] [bmv2] [D] [thread 3197] Set default default entry for table 'tbl_set_custom_value_3': MyIngress.set_custom_value - 
[06:09:14.976] [bmv2] [D] [thread 3197] Set default default entry for table 'tbl_set_custom_value_4': MyIngress.set_custom_value - 
[06:09:14.976] [bmv2] [D] [thread 3197] Set default default entry for table 'tbl_set_custom_value_5': MyIngress.set_custom_value - 
[06:09:14.976] [bmv2] [D] [thread 3197] Set default default entry for table 'tbl_set_custom_value_6': MyIngress.set_custom_value - 
[06:09:14.976] [bmv2] [D] [thread 3197] Set default default entry for table 'MyIngress.ipv4_lpm': MyIngress.drop - 
Adding interface s4-eth1 as port 1
[06:09:14.976] [bmv2] [D] [thread 3197] Adding interface s4-eth1 as port 1
Adding interface s4-eth2 as port 2
[06:09:15.008] [bmv2] [D] [thread 3197] Adding interface s4-eth2 as port 2
Server listening on 0.0.0.0:50054
[06:09:15.041] [bmv2] [I] [thread 3197] Starting Thrift server on port 9093
[06:09:15.042] [bmv2] [I] [thread 3197] Thrift server was started
[06:09:15.107] [bmv2] [D] [thread 3207] [0.0] [cxt 0] Processing packet received on port 2
[06:09:15.107] [bmv2] [D] [thread 3207] [0.0] [cxt 0] Parser 'parser': start
[06:09:15.107] [bmv2] [D] [thread 3207] [0.0] [cxt 0] Parser 'parser' entering state 'start'
[06:09:15.107] [bmv2] [D] [thread 3207] [0.0] [cxt 0] Extracting header 'ethernet'
[06:09:15.107] [bmv2] [D] [thread 3207] [0.0] [cxt 0] Parser state 'start': key is 86dd
[06:09:15.107] [bmv2] [T] [thread 3207] [0.0] [cxt 0] Bytes parsed: 14
[06:09:15.107] [bmv2] [D] [thread 3207] [0.0] [cxt 0] Parser 'parser': end
[06:09:15.107] [bmv2] [D] [thread 3207] [0.0] [cxt 0] Pipeline 'ingress': start
[06:09:15.107] [bmv2] [T] [thread 3207] [0.0] [cxt 0] basic.p4(121) Condition "pkt_size <= 155" (node_2) is true
[06:09:15.107] [bmv2] [T] [thread 3207] [0.0] [cxt 0] basic.p4(122) Condition "pkt_size <= 57" (node_3) is false
[06:09:15.107] [bmv2] [T] [thread 3207] [0.0] [cxt 0] basic.p4(129) Condition "pkt_size <= 60" (node_7) is false
[06:09:15.107] [bmv2] [T] [thread 3207] [0.0] [cxt 0] Applying table 'tbl_set_custom_value_2'
[06:09:15.107] [bmv2] [D] [thread 3207] [0.0] [cxt 0] Looking up key:

[06:09:15.107] [bmv2] [D] [thread 3207] [0.0] [cxt 0] Table 'tbl_set_custom_value_2': miss
[06:09:15.107] [bmv2] [D] [thread 3207] [0.0] [cxt 0] Action entry is MyIngress.set_custom_value - 
[06:09:15.108] [bmv2] [T] [thread 3207] [0.0] [cxt 0] Action MyIngress.set_custom_value
[06:09:15.108] [bmv2] [T] [thread 3207] [0.0] [cxt 0] basic.p4(100) Primitive hdr.ipv4.ttl = custom_value
[06:09:15.108] [bmv2] [T] [thread 3207] [0.0] [cxt 0] basic.p4(150) Condition "hdr.ipv4.isValid()" (node_17) is false
[06:09:15.108] [bmv2] [D] [thread 3207] [0.0] [cxt 0] Pipeline 'ingress': end
[06:09:15.108] [bmv2] [D] [thread 3207] [0.0] [cxt 0] Egress port is 0
[06:09:15.108] [bmv2] [D] [thread 3208] [0.0] [cxt 0] Pipeline 'egress': start
[06:09:15.108] [bmv2] [D] [thread 3208] [0.0] [cxt 0] Pipeline 'egress': end
[06:09:15.108] [bmv2] [D] [thread 3208] [0.0] [cxt 0] Deparser 'deparser': start
[06:09:15.108] [bmv2] [T] [thread 3208] [0.0] [cxt 0] Skipping checksum 'cksum' update because condition not met
[06:09:15.108] [bmv2] [D] [thread 3208] [0.0] [cxt 0] Deparsing header 'ethernet'
[06:09:15.108] [bmv2] [D] [thread 3208] [0.0] [cxt 0] Deparser 'deparser': end
[06:09:15.108] [bmv2] [D] [thread 3212] [0.0] [cxt 0] Transmitting packet of size 90 out of port 0
[06:09:15.370] [bmv2] [D] [thread 3207] [1.0] [cxt 0] Processing packet received on port 2
[06:09:15.371] [bmv2] [D] [thread 3207] [1.0] [cxt 0] Parser 'parser': start
[06:09:15.371] [bmv2] [D] [thread 3207] [1.0] [cxt 0] Parser 'parser' entering state 'start'
[06:09:15.371] [bmv2] [D] [thread 3207] [1.0] [cxt 0] Extracting header 'ethernet'
[06:09:15.371] [bmv2] [D] [thread 3207] [1.0] [cxt 0] Parser state 'start': key is 86dd
[06:09:15.371] [bmv2] [T] [thread 3207] [1.0] [cxt 0] Bytes parsed: 14
[06:09:15.371] [bmv2] [D] [thread 3207] [1.0] [cxt 0] Parser 'parser': end
[06:09:15.371] [bmv2] [D] [thread 3207] [1.0] [cxt 0] Pipeline 'ingress': start
[06:09:15.371] [bmv2] [T] [thread 3207] [1.0] [cxt 0] basic.p4(121) Condition "pkt_size <= 155" (node_2) is true
[06:09:15.371] [bmv2] [T] [thread 3207] [1.0] [cxt 0] basic.p4(122) Condition "pkt_size <= 57" (node_3) is false
[06:09:15.371] [bmv2] [T] [thread 3207] [1.0] [cxt 0] basic.p4(129) Condition "pkt_size <= 60" (node_7) is false
[06:09:15.371] [bmv2] [T] [thread 3207] [1.0] [cxt 0] Applying table 'tbl_set_custom_value_2'
[06:09:15.371] [bmv2] [D] [thread 3207] [1.0] [cxt 0] Looking up key:

[06:09:15.371] [bmv2] [D] [thread 3207] [1.0] [cxt 0] Table 'tbl_set_custom_value_2': miss
[06:09:15.371] [bmv2] [D] [thread 3207] [1.0] [cxt 0] Action entry is MyIngress.set_custom_value - 
[06:09:15.371] [bmv2] [T] [thread 3207] [1.0] [cxt 0] Action MyIngress.set_custom_value
[06:09:15.371] [bmv2] [T] [thread 3207] [1.0] [cxt 0] basic.p4(100) Primitive hdr.ipv4.ttl = custom_value
[06:09:15.371] [bmv2] [T] [thread 3207] [1.0] [cxt 0] basic.p4(150) Condition "hdr.ipv4.isValid()" (node_17) is false
[06:09:15.371] [bmv2] [D] [thread 3207] [1.0] [cxt 0] Pipeline 'ingress': end
[06:09:15.371] [bmv2] [D] [thread 3207] [1.0] [cxt 0] Egress port is 0
[06:09:15.371] [bmv2] [D] [thread 3208] [1.0] [cxt 0] Pipeline 'egress': start
[06:09:15.371] [bmv2] [D] [thread 3208] [1.0] [cxt 0] Pipeline 'egress': end
[06:09:15.371] [bmv2] [D] [thread 3208] [1.0] [cxt 0] Deparser 'deparser': start
[06:09:15.371] [bmv2] [T] [thread 3208] [1.0] [cxt 0] Skipping checksum 'cksum' update because condition not met
[06:09:15.371] [bmv2] [D] [thread 3208] [1.0] [cxt 0] Deparsing header 'ethernet'
[06:09:15.371] [bmv2] [D] [thread 3208] [1.0] [cxt 0] Deparser 'deparser': end
[06:09:15.371] [bmv2] [D] [thread 3212] [1.0] [cxt 0] Transmitting packet of size 90 out of port 0
[06:09:15.627] [bmv2] [D] [thread 3207] [2.0] [cxt 0] Processing packet received on port 1
[06:09:15.627] [bmv2] [D] [thread 3207] [2.0] [cxt 0] Parser 'parser': start
[06:09:15.627] [bmv2] [D] [thread 3207] [2.0] [cxt 0] Parser 'parser' entering state 'start'
[06:09:15.627] [bmv2] [D] [thread 3207] [2.0] [cxt 0] Extracting header 'ethernet'
[06:09:15.627] [bmv2] [D] [thread 3207] [2.0] [cxt 0] Parser state 'start': key is 86dd
[06:09:15.627] [bmv2] [T] [thread 3207] [2.0] [cxt 0] Bytes parsed: 14
[06:09:15.627] [bmv2] [D] [thread 3207] [2.0] [cxt 0] Parser 'parser': end
[06:09:15.627] [bmv2] [D] [thread 3207] [2.0] [cxt 0] Pipeline 'ingress': start
[06:09:15.627] [bmv2] [T] [thread 3207] [2.0] [cxt 0] basic.p4(121) Condition "pkt_size <= 155" (node_2) is true
[06:09:15.627] [bmv2] [T] [thread 3207] [2.0] [cxt 0] basic.p4(122) Condition "pkt_size <= 57" (node_3) is false
[06:09:15.627] [bmv2] [T] [thread 3207] [2.0] [cxt 0] basic.p4(129) Condition "pkt_size <= 60" (node_7) is false
[06:09:15.627] [bmv2] [T] [thread 3207] [2.0] [cxt 0] Applying table 'tbl_set_custom_value_2'
[06:09:15.627] [bmv2] [D] [thread 3207] [2.0] [cxt 0] Looking up key:

[06:09:15.627] [bmv2] [D] [thread 3207] [2.0] [cxt 0] Table 'tbl_set_custom_value_2': miss
[06:09:15.627] [bmv2] [D] [thread 3207] [2.0] [cxt 0] Action entry is MyIngress.set_custom_value - 
[06:09:15.627] [bmv2] [T] [thread 3207] [2.0] [cxt 0] Action MyIngress.set_custom_value
[06:09:15.627] [bmv2] [T] [thread 3207] [2.0] [cxt 0] basic.p4(100) Primitive hdr.ipv4.ttl = custom_value
[06:09:15.627] [bmv2] [T] [thread 3207] [2.0] [cxt 0] basic.p4(150) Condition "hdr.ipv4.isValid()" (node_17) is false
[06:09:15.627] [bmv2] [D] [thread 3207] [2.0] [cxt 0] Pipeline 'ingress': end
[06:09:15.627] [bmv2] [D] [thread 3207] [2.0] [cxt 0] Egress port is 0
[06:09:15.627] [bmv2] [D] [thread 3208] [2.0] [cxt 0] Pipeline 'egress': start
[06:09:15.627] [bmv2] [D] [thread 3208] [2.0] [cxt 0] Pipeline 'egress': end
[06:09:15.627] [bmv2] [D] [thread 3208] [2.0] [cxt 0] Deparser 'deparser': start
[06:09:15.627] [bmv2] [T] [thread 3208] [2.0] [cxt 0] Skipping checksum 'cksum' update because condition not met
[06:09:15.627] [bmv2] [D] [thread 3208] [2.0] [cxt 0] Deparsing header 'ethernet'
[06:09:15.627] [bmv2] [D] [thread 3208] [2.0] [cxt 0] Deparser 'deparser': end
[06:09:15.628] [bmv2] [D] [thread 3212] [2.0] [cxt 0] Transmitting packet of size 90 out of port 0
[06:09:16.595] [bmv2] [W] [thread 3254] [P4Runtime] p4::tmp::P4DeviceConfig is deprecated
[06:09:16.601] [bmv2] [D] [thread 3254] Set default default entry for table 'tbl_set_custom_value': MyIngress.set_custom_value - 
[06:09:16.601] [bmv2] [D] [thread 3254] Set default default entry for table 'tbl_set_custom_value_0': MyIngress.set_custom_value - 
[06:09:16.601] [bmv2] [D] [thread 3254] Set default default entry for table 'tbl_set_custom_value_1': MyIngress.set_custom_value - 
[06:09:16.601] [bmv2] [D] [thread 3254] Set default default entry for table 'tbl_set_custom_value_2': MyIngress.set_custom_value - 
[06:09:16.601] [bmv2] [D] [thread 3254] Set default default entry for table 'tbl_set_custom_value_3': MyIngress.set_custom_value - 
[06:09:16.601] [bmv2] [D] [thread 3254] Set default default entry for table 'tbl_set_custom_value_4': MyIngress.set_custom_value - 
[06:09:16.601] [bmv2] [D] [thread 3254] Set default default entry for table 'tbl_set_custom_value_5': MyIngress.set_custom_value - 
[06:09:16.601] [bmv2] [D] [thread 3254] Set default default entry for table 'tbl_set_custom_value_6': MyIngress.set_custom_value - 
[06:09:16.601] [bmv2] [D] [thread 3254] Set default default entry for table 'MyIngress.ipv4_lpm': MyIngress.drop - 
[06:09:16.603] [bmv2] [D] [thread 3254] simple_switch target has been notified of a config swap
[06:09:16.605] [bmv2] [D] [thread 3255] Set default entry for table 'MyIngress.ipv4_lpm': MyIngress.drop - 
[06:09:16.607] [bmv2] [D] [thread 3255] Entry 0 added to table 'MyIngress.ipv4_lpm'
[06:09:16.607] [bmv2] [D] [thread 3255] Dumping entry 0
Match key:
* hdr.ipv4.dstAddr    : LPM       0a000101/32
Action entry: MyIngress.ipv4_forward - 80000000100,2,

[06:09:16.608] [bmv2] [D] [thread 3260] Entry 1 added to table 'MyIngress.ipv4_lpm'
[06:09:16.608] [bmv2] [D] [thread 3260] Dumping entry 1
Match key:
* hdr.ipv4.dstAddr    : LPM       0a000202/32
Action entry: MyIngress.ipv4_forward - 80000000100,2,

[06:09:16.609] [bmv2] [D] [thread 3255] Entry 2 added to table 'MyIngress.ipv4_lpm'
[06:09:16.609] [bmv2] [D] [thread 3255] Dumping entry 2
Match key:
* hdr.ipv4.dstAddr    : LPM       0a000303/32
Action entry: MyIngress.ipv4_forward - 80000000200,1,

[06:09:16.610] [bmv2] [D] [thread 3260] Entry 3 added to table 'MyIngress.ipv4_lpm'
[06:09:16.610] [bmv2] [D] [thread 3260] Dumping entry 3
Match key:
* hdr.ipv4.dstAddr    : LPM       0a000404/32
Action entry: MyIngress.ipv4_forward - 80000000200,1,

[06:09:19.012] [bmv2] [D] [thread 3207] [3.0] [cxt 0] Processing packet received on port 1
[06:09:19.012] [bmv2] [D] [thread 3207] [3.0] [cxt 0] Parser 'parser': start
[06:09:19.012] [bmv2] [D] [thread 3207] [3.0] [cxt 0] Parser 'parser' entering state 'start'
[06:09:19.012] [bmv2] [D] [thread 3207] [3.0] [cxt 0] Extracting header 'ethernet'
[06:09:19.012] [bmv2] [D] [thread 3207] [3.0] [cxt 0] Parser state 'start': key is 86dd
[06:09:19.012] [bmv2] [T] [thread 3207] [3.0] [cxt 0] Bytes parsed: 14
[06:09:19.012] [bmv2] [D] [thread 3207] [3.0] [cxt 0] Parser 'parser': end
[06:09:19.012] [bmv2] [D] [thread 3207] [3.0] [cxt 0] Pipeline 'ingress': start
[06:09:19.012] [bmv2] [T] [thread 3207] [3.0] [cxt 0] basic.p4(121) Condition "pkt_size <= 155" (node_2) is true
[06:09:19.012] [bmv2] [T] [thread 3207] [3.0] [cxt 0] basic.p4(122) Condition "pkt_size <= 57" (node_3) is false
[06:09:19.012] [bmv2] [T] [thread 3207] [3.0] [cxt 0] basic.p4(129) Condition "pkt_size <= 60" (node_7) is false
[06:09:19.012] [bmv2] [T] [thread 3207] [3.0] [cxt 0] Applying table 'tbl_set_custom_value_2'
[06:09:19.012] [bmv2] [D] [thread 3207] [3.0] [cxt 0] Looking up key:

[06:09:19.012] [bmv2] [D] [thread 3207] [3.0] [cxt 0] Table 'tbl_set_custom_value_2': miss
[06:09:19.012] [bmv2] [D] [thread 3207] [3.0] [cxt 0] Action entry is MyIngress.set_custom_value - 
[06:09:19.012] [bmv2] [T] [thread 3207] [3.0] [cxt 0] Action MyIngress.set_custom_value
[06:09:19.012] [bmv2] [T] [thread 3207] [3.0] [cxt 0] basic.p4(100) Primitive hdr.ipv4.ttl = custom_value
[06:09:19.012] [bmv2] [T] [thread 3207] [3.0] [cxt 0] basic.p4(150) Condition "hdr.ipv4.isValid()" (node_17) is false
[06:09:19.012] [bmv2] [D] [thread 3207] [3.0] [cxt 0] Pipeline 'ingress': end
[06:09:19.012] [bmv2] [D] [thread 3207] [3.0] [cxt 0] Egress port is 0
[06:09:19.012] [bmv2] [D] [thread 3207] [4.0] [cxt 0] Processing packet received on port 1
[06:09:19.012] [bmv2] [D] [thread 3207] [4.0] [cxt 0] Parser 'parser': start
[06:09:19.012] [bmv2] [D] [thread 3207] [4.0] [cxt 0] Parser 'parser' entering state 'start'
[06:09:19.012] [bmv2] [D] [thread 3207] [4.0] [cxt 0] Extracting header 'ethernet'
[06:09:19.012] [bmv2] [D] [thread 3207] [4.0] [cxt 0] Parser state 'start': key is 86dd
[06:09:19.012] [bmv2] [T] [thread 3207] [4.0] [cxt 0] Bytes parsed: 14
[06:09:19.012] [bmv2] [D] [thread 3207] [4.0] [cxt 0] Parser 'parser': end
[06:09:19.012] [bmv2] [D] [thread 3207] [4.0] [cxt 0] Pipeline 'ingress': start
[06:09:19.012] [bmv2] [T] [thread 3207] [4.0] [cxt 0] basic.p4(121) Condition "pkt_size <= 155" (node_2) is true
[06:09:19.012] [bmv2] [T] [thread 3207] [4.0] [cxt 0] basic.p4(122) Condition "pkt_size <= 57" (node_3) is false
[06:09:19.012] [bmv2] [T] [thread 3207] [4.0] [cxt 0] basic.p4(129) Condition "pkt_size <= 60" (node_7) is false
[06:09:19.012] [bmv2] [T] [thread 3207] [4.0] [cxt 0] Applying table 'tbl_set_custom_value_2'
[06:09:19.012] [bmv2] [D] [thread 3207] [4.0] [cxt 0] Looking up key:

[06:09:19.012] [bmv2] [D] [thread 3207] [4.0] [cxt 0] Table 'tbl_set_custom_value_2': miss
[06:09:19.012] [bmv2] [D] [thread 3207] [4.0] [cxt 0] Action entry is MyIngress.set_custom_value - 
[06:09:19.012] [bmv2] [T] [thread 3207] [4.0] [cxt 0] Action MyIngress.set_custom_value
[06:09:19.012] [bmv2] [T] [thread 3207] [4.0] [cxt 0] basic.p4(100) Primitive hdr.ipv4.ttl = custom_value
[06:09:19.012] [bmv2] [T] [thread 3207] [4.0] [cxt 0] basic.p4(150) Condition "hdr.ipv4.isValid()" (node_17) is false
[06:09:19.012] [bmv2] [D] [thread 3207] [4.0] [cxt 0] Pipeline 'ingress': end
[06:09:19.012] [bmv2] [D] [thread 3207] [4.0] [cxt 0] Egress port is 0
[06:09:19.012] [bmv2] [D] [thread 3207] [5.0] [cxt 0] Processing packet received on port 2
[06:09:19.012] [bmv2] [D] [thread 3207] [5.0] [cxt 0] Parser 'parser': start
[06:09:19.012] [bmv2] [D] [thread 3207] [5.0] [cxt 0] Parser 'parser' entering state 'start'
[06:09:19.012] [bmv2] [D] [thread 3207] [5.0] [cxt 0] Extracting header 'ethernet'
[06:09:19.012] [bmv2] [D] [thread 3207] [5.0] [cxt 0] Parser state 'start': key is 86dd
[06:09:19.012] [bmv2] [T] [thread 3207] [5.0] [cxt 0] Bytes parsed: 14
[06:09:19.012] [bmv2] [D] [thread 3207] [5.0] [cxt 0] Parser 'parser': end
[06:09:19.012] [bmv2] [D] [thread 3207] [5.0] [cxt 0] Pipeline 'ingress': start
[06:09:19.012] [bmv2] [T] [thread 3207] [5.0] [cxt 0] basic.p4(121) Condition "pkt_size <= 155" (node_2) is true
[06:09:19.012] [bmv2] [T] [thread 3207] [5.0] [cxt 0] basic.p4(122) Condition "pkt_size <= 57" (node_3) is false
[06:09:19.013] [bmv2] [T] [thread 3207] [5.0] [cxt 0] basic.p4(129) Condition "pkt_size <= 60" (node_7) is false
[06:09:19.013] [bmv2] [T] [thread 3207] [5.0] [cxt 0] Applying table 'tbl_set_custom_value_2'
[06:09:19.013] [bmv2] [D] [thread 3207] [5.0] [cxt 0] Looking up key:

[06:09:19.013] [bmv2] [D] [thread 3207] [5.0] [cxt 0] Table 'tbl_set_custom_value_2': miss
[06:09:19.013] [bmv2] [D] [thread 3207] [5.0] [cxt 0] Action entry is MyIngress.set_custom_value - 
[06:09:19.013] [bmv2] [T] [thread 3207] [5.0] [cxt 0] Action MyIngress.set_custom_value
[06:09:19.013] [bmv2] [T] [thread 3207] [5.0] [cxt 0] basic.p4(100) Primitive hdr.ipv4.ttl = custom_value
[06:09:19.013] [bmv2] [T] [thread 3207] [5.0] [cxt 0] basic.p4(150) Condition "hdr.ipv4.isValid()" (node_17) is false
[06:09:19.013] [bmv2] [D] [thread 3207] [5.0] [cxt 0] Pipeline 'ingress': end
[06:09:19.013] [bmv2] [D] [thread 3207] [5.0] [cxt 0] Egress port is 0
[06:09:19.013] [bmv2] [D] [thread 3208] [3.0] [cxt 0] Pipeline 'egress': start
[06:09:19.013] [bmv2] [D] [thread 3208] [3.0] [cxt 0] Pipeline 'egress': end
[06:09:19.013] [bmv2] [D] [thread 3208] [3.0] [cxt 0] Deparser 'deparser': start
[06:09:19.013] [bmv2] [T] [thread 3208] [3.0] [cxt 0] Skipping checksum 'cksum' update because condition not met
[06:09:19.013] [bmv2] [D] [thread 3208] [3.0] [cxt 0] Deparsing header 'ethernet'
[06:09:19.013] [bmv2] [D] [thread 3208] [3.0] [cxt 0] Deparser 'deparser': end
[06:09:19.013] [bmv2] [D] [thread 3208] [4.0] [cxt 0] Pipeline 'egress': start
[06:09:19.013] [bmv2] [D] [thread 3208] [4.0] [cxt 0] Pipeline 'egress': end
[06:09:19.013] [bmv2] [D] [thread 3208] [4.0] [cxt 0] Deparser 'deparser': start
[06:09:19.013] [bmv2] [T] [thread 3208] [4.0] [cxt 0] Skipping checksum 'cksum' update because condition not met
[06:09:19.013] [bmv2] [D] [thread 3208] [4.0] [cxt 0] Deparsing header 'ethernet'
[06:09:19.013] [bmv2] [D] [thread 3208] [4.0] [cxt 0] Deparser 'deparser': end
[06:09:19.013] [bmv2] [D] [thread 3208] [5.0] [cxt 0] Pipeline 'egress': start
[06:09:19.013] [bmv2] [D] [thread 3208] [5.0] [cxt 0] Pipeline 'egress': end
[06:09:19.013] [bmv2] [D] [thread 3208] [5.0] [cxt 0] Deparser 'deparser': start
[06:09:19.013] [bmv2] [T] [thread 3208] [5.0] [cxt 0] Skipping checksum 'cksum' update because condition not met
[06:09:19.013] [bmv2] [D] [thread 3208] [5.0] [cxt 0] Deparsing header 'ethernet'
[06:09:19.013] [bmv2] [D] [thread 3208] [5.0] [cxt 0] Deparser 'deparser': end
[06:09:19.014] [bmv2] [D] [thread 3212] [3.0] [cxt 0] Transmitting packet of size 70 out of port 0
[06:09:19.014] [bmv2] [D] [thread 3212] [4.0] [cxt 0] Transmitting packet of size 70 out of port 0
[06:09:19.014] [bmv2] [D] [thread 3212] [5.0] [cxt 0] Transmitting packet of size 70 out of port 0
[06:09:19.273] [bmv2] [D] [thread 3207] [6.0] [cxt 0] Processing packet received on port 2
[06:09:19.273] [bmv2] [D] [thread 3207] [6.0] [cxt 0] Parser 'parser': start
[06:09:19.273] [bmv2] [D] [thread 3207] [6.0] [cxt 0] Parser 'parser' entering state 'start'
[06:09:19.273] [bmv2] [D] [thread 3207] [6.0] [cxt 0] Extracting header 'ethernet'
[06:09:19.273] [bmv2] [D] [thread 3207] [6.0] [cxt 0] Parser state 'start': key is 86dd
[06:09:19.273] [bmv2] [T] [thread 3207] [6.0] [cxt 0] Bytes parsed: 14
[06:09:19.273] [bmv2] [D] [thread 3207] [6.0] [cxt 0] Parser 'parser': end
[06:09:19.273] [bmv2] [D] [thread 3207] [6.0] [cxt 0] Pipeline 'ingress': start
[06:09:19.273] [bmv2] [T] [thread 3207] [6.0] [cxt 0] basic.p4(121) Condition "pkt_size <= 155" (node_2) is true
[06:09:19.273] [bmv2] [T] [thread 3207] [6.0] [cxt 0] basic.p4(122) Condition "pkt_size <= 57" (node_3) is false
[06:09:19.273] [bmv2] [T] [thread 3207] [6.0] [cxt 0] basic.p4(129) Condition "pkt_size <= 60" (node_7) is false
[06:09:19.273] [bmv2] [T] [thread 3207] [6.0] [cxt 0] Applying table 'tbl_set_custom_value_2'
[06:09:19.273] [bmv2] [D] [thread 3207] [6.0] [cxt 0] Looking up key:

[06:09:19.273] [bmv2] [D] [thread 3207] [6.0] [cxt 0] Table 'tbl_set_custom_value_2': miss
[06:09:19.273] [bmv2] [D] [thread 3207] [6.0] [cxt 0] Action entry is MyIngress.set_custom_value - 
[06:09:19.273] [bmv2] [T] [thread 3207] [6.0] [cxt 0] Action MyIngress.set_custom_value
[06:09:19.273] [bmv2] [T] [thread 3207] [6.0] [cxt 0] basic.p4(100) Primitive hdr.ipv4.ttl = custom_value
[06:09:19.273] [bmv2] [T] [thread 3207] [6.0] [cxt 0] basic.p4(150) Condition "hdr.ipv4.isValid()" (node_17) is false
[06:09:19.273] [bmv2] [D] [thread 3207] [6.0] [cxt 0] Pipeline 'ingress': end
[06:09:19.273] [bmv2] [D] [thread 3207] [6.0] [cxt 0] Egress port is 0
[06:09:19.273] [bmv2] [D] [thread 3208] [6.0] [cxt 0] Pipeline 'egress': start
[06:09:19.273] [bmv2] [D] [thread 3208] [6.0] [cxt 0] Pipeline 'egress': end
[06:09:19.273] [bmv2] [D] [thread 3208] [6.0] [cxt 0] Deparser 'deparser': start
[06:09:19.273] [bmv2] [T] [thread 3208] [6.0] [cxt 0] Skipping checksum 'cksum' update because condition not met
[06:09:19.273] [bmv2] [D] [thread 3208] [6.0] [cxt 0] Deparsing header 'ethernet'
[06:09:19.273] [bmv2] [D] [thread 3208] [6.0] [cxt 0] Deparser 'deparser': end
[06:09:19.273] [bmv2] [D] [thread 3212] [6.0] [cxt 0] Transmitting packet of size 70 out of port 0
[06:09:26.693] [bmv2] [D] [thread 3207] [7.0] [cxt 0] Processing packet received on port 1
[06:09:26.693] [bmv2] [D] [thread 3207] [7.0] [cxt 0] Parser 'parser': start
[06:09:26.693] [bmv2] [D] [thread 3207] [7.0] [cxt 0] Parser 'parser' entering state 'start'
[06:09:26.693] [bmv2] [D] [thread 3207] [7.0] [cxt 0] Extracting header 'ethernet'
[06:09:26.693] [bmv2] [D] [thread 3207] [7.0] [cxt 0] Parser state 'start': key is 86dd
[06:09:26.693] [bmv2] [T] [thread 3207] [7.0] [cxt 0] Bytes parsed: 14
[06:09:26.693] [bmv2] [D] [thread 3207] [7.0] [cxt 0] Parser 'parser': end
[06:09:26.693] [bmv2] [D] [thread 3207] [7.0] [cxt 0] Pipeline 'ingress': start
[06:09:26.693] [bmv2] [T] [thread 3207] [7.0] [cxt 0] basic.p4(121) Condition "pkt_size <= 155" (node_2) is true
[06:09:26.693] [bmv2] [T] [thread 3207] [7.0] [cxt 0] basic.p4(122) Condition "pkt_size <= 57" (node_3) is false
[06:09:26.693] [bmv2] [T] [thread 3207] [7.0] [cxt 0] basic.p4(129) Condition "pkt_size <= 60" (node_7) is false
[06:09:26.693] [bmv2] [T] [thread 3207] [7.0] [cxt 0] Applying table 'tbl_set_custom_value_2'
[06:09:26.693] [bmv2] [D] [thread 3207] [7.0] [cxt 0] Looking up key:

[06:09:26.693] [bmv2] [D] [thread 3207] [7.0] [cxt 0] Table 'tbl_set_custom_value_2': miss
[06:09:26.693] [bmv2] [D] [thread 3207] [7.0] [cxt 0] Action entry is MyIngress.set_custom_value - 
[06:09:26.693] [bmv2] [T] [thread 3207] [7.0] [cxt 0] Action MyIngress.set_custom_value
[06:09:26.693] [bmv2] [T] [thread 3207] [7.0] [cxt 0] basic.p4(100) Primitive hdr.ipv4.ttl = custom_value
[06:09:26.693] [bmv2] [T] [thread 3207] [7.0] [cxt 0] basic.p4(150) Condition "hdr.ipv4.isValid()" (node_17) is false
[06:09:26.693] [bmv2] [D] [thread 3207] [7.0] [cxt 0] Pipeline 'ingress': end
[06:09:26.693] [bmv2] [D] [thread 3207] [7.0] [cxt 0] Egress port is 0
[06:09:26.693] [bmv2] [D] [thread 3208] [7.0] [cxt 0] Pipeline 'egress': start
[06:09:26.693] [bmv2] [D] [thread 3208] [7.0] [cxt 0] Pipeline 'egress': end
[06:09:26.693] [bmv2] [D] [thread 3208] [7.0] [cxt 0] Deparser 'deparser': start
[06:09:26.693] [bmv2] [T] [thread 3208] [7.0] [cxt 0] Skipping checksum 'cksum' update because condition not met
[06:09:26.693] [bmv2] [D] [thread 3208] [7.0] [cxt 0] Deparsing header 'ethernet'
[06:09:26.693] [bmv2] [D] [thread 3208] [7.0] [cxt 0] Deparser 'deparser': end
[06:09:26.693] [bmv2] [D] [thread 3212] [7.0] [cxt 0] Transmitting packet of size 70 out of port 0
[06:09:26.947] [bmv2] [D] [thread 3207] [8.0] [cxt 0] Processing packet received on port 1
[06:09:26.947] [bmv2] [D] [thread 3207] [8.0] [cxt 0] Parser 'parser': start
[06:09:26.947] [bmv2] [D] [thread 3207] [8.0] [cxt 0] Parser 'parser' entering state 'start'
[06:09:26.947] [bmv2] [D] [thread 3207] [8.0] [cxt 0] Extracting header 'ethernet'
[06:09:26.947] [bmv2] [D] [thread 3207] [8.0] [cxt 0] Parser state 'start': key is 86dd
[06:09:26.947] [bmv2] [T] [thread 3207] [8.0] [cxt 0] Bytes parsed: 14
[06:09:26.947] [bmv2] [D] [thread 3207] [8.0] [cxt 0] Parser 'parser': end
[06:09:26.947] [bmv2] [D] [thread 3207] [8.0] [cxt 0] Pipeline 'ingress': start
[06:09:26.947] [bmv2] [T] [thread 3207] [8.0] [cxt 0] basic.p4(121) Condition "pkt_size <= 155" (node_2) is true
[06:09:26.947] [bmv2] [T] [thread 3207] [8.0] [cxt 0] basic.p4(122) Condition "pkt_size <= 57" (node_3) is false
[06:09:26.947] [bmv2] [T] [thread 3207] [8.0] [cxt 0] basic.p4(129) Condition "pkt_size <= 60" (node_7) is false
[06:09:26.947] [bmv2] [T] [thread 3207] [8.0] [cxt 0] Applying table 'tbl_set_custom_value_2'
[06:09:26.947] [bmv2] [D] [thread 3207] [8.0] [cxt 0] Looking up key:

[06:09:26.947] [bmv2] [D] [thread 3207] [8.0] [cxt 0] Table 'tbl_set_custom_value_2': miss
[06:09:26.947] [bmv2] [D] [thread 3207] [8.0] [cxt 0] Action entry is MyIngress.set_custom_value - 
[06:09:26.947] [bmv2] [T] [thread 3207] [8.0] [cxt 0] Action MyIngress.set_custom_value
[06:09:26.947] [bmv2] [T] [thread 3207] [8.0] [cxt 0] basic.p4(100) Primitive hdr.ipv4.ttl = custom_value
[06:09:26.947] [bmv2] [T] [thread 3207] [8.0] [cxt 0] basic.p4(150) Condition "hdr.ipv4.isValid()" (node_17) is false
[06:09:26.947] [bmv2] [D] [thread 3207] [8.0] [cxt 0] Pipeline 'ingress': end
[06:09:26.947] [bmv2] [D] [thread 3207] [8.0] [cxt 0] Egress port is 0
[06:09:26.947] [bmv2] [D] [thread 3208] [8.0] [cxt 0] Pipeline 'egress': start
[06:09:26.947] [bmv2] [D] [thread 3208] [8.0] [cxt 0] Pipeline 'egress': end
[06:09:26.947] [bmv2] [D] [thread 3208] [8.0] [cxt 0] Deparser 'deparser': start
[06:09:26.947] [bmv2] [T] [thread 3208] [8.0] [cxt 0] Skipping checksum 'cksum' update because condition not met
[06:09:26.947] [bmv2] [D] [thread 3208] [8.0] [cxt 0] Deparsing header 'ethernet'
[06:09:26.947] [bmv2] [D] [thread 3208] [8.0] [cxt 0] Deparser 'deparser': end
[06:09:26.947] [bmv2] [D] [thread 3212] [8.0] [cxt 0] Transmitting packet of size 70 out of port 0
[06:09:27.256] [bmv2] [D] [thread 3207] [9.0] [cxt 0] Processing packet received on port 2
[06:09:27.256] [bmv2] [D] [thread 3207] [9.0] [cxt 0] Parser 'parser': start
[06:09:27.256] [bmv2] [D] [thread 3207] [9.0] [cxt 0] Parser 'parser' entering state 'start'
[06:09:27.256] [bmv2] [D] [thread 3207] [9.0] [cxt 0] Extracting header 'ethernet'
[06:09:27.256] [bmv2] [D] [thread 3207] [9.0] [cxt 0] Parser state 'start': key is 86dd
[06:09:27.256] [bmv2] [T] [thread 3207] [9.0] [cxt 0] Bytes parsed: 14
[06:09:27.256] [bmv2] [D] [thread 3207] [9.0] [cxt 0] Parser 'parser': end
[06:09:27.256] [bmv2] [D] [thread 3207] [9.0] [cxt 0] Pipeline 'ingress': start
[06:09:27.256] [bmv2] [T] [thread 3207] [9.0] [cxt 0] basic.p4(121) Condition "pkt_size <= 155" (node_2) is true
[06:09:27.256] [bmv2] [T] [thread 3207] [9.0] [cxt 0] basic.p4(122) Condition "pkt_size <= 57" (node_3) is false
[06:09:27.256] [bmv2] [T] [thread 3207] [9.0] [cxt 0] basic.p4(129) Condition "pkt_size <= 60" (node_7) is false
[06:09:27.256] [bmv2] [T] [thread 3207] [9.0] [cxt 0] Applying table 'tbl_set_custom_value_2'
[06:09:27.256] [bmv2] [D] [thread 3207] [9.0] [cxt 0] Looking up key:

[06:09:27.256] [bmv2] [D] [thread 3207] [9.0] [cxt 0] Table 'tbl_set_custom_value_2': miss
[06:09:27.256] [bmv2] [D] [thread 3207] [9.0] [cxt 0] Action entry is MyIngress.set_custom_value - 
[06:09:27.256] [bmv2] [T] [thread 3207] [9.0] [cxt 0] Action MyIngress.set_custom_value
[06:09:27.256] [bmv2] [T] [thread 3207] [9.0] [cxt 0] basic.p4(100) Primitive hdr.ipv4.ttl = custom_value
[06:09:27.256] [bmv2] [T] [thread 3207] [9.0] [cxt 0] basic.p4(150) Condition "hdr.ipv4.isValid()" (node_17) is false
[06:09:27.256] [bmv2] [D] [thread 3207] [9.0] [cxt 0] Pipeline 'ingress': end
[06:09:27.256] [bmv2] [D] [thread 3207] [9.0] [cxt 0] Egress port is 0
[06:09:27.256] [bmv2] [D] [thread 3208] [9.0] [cxt 0] Pipeline 'egress': start
[06:09:27.256] [bmv2] [D] [thread 3208] [9.0] [cxt 0] Pipeline 'egress': end
[06:09:27.256] [bmv2] [D] [thread 3208] [9.0] [cxt 0] Deparser 'deparser': start
[06:09:27.256] [bmv2] [T] [thread 3208] [9.0] [cxt 0] Skipping checksum 'cksum' update because condition not met
[06:09:27.256] [bmv2] [D] [thread 3208] [9.0] [cxt 0] Deparsing header 'ethernet'
[06:09:27.256] [bmv2] [D] [thread 3208] [9.0] [cxt 0] Deparser 'deparser': end
[06:09:27.256] [bmv2] [D] [thread 3212] [9.0] [cxt 0] Transmitting packet of size 70 out of port 0
[06:09:27.974] [bmv2] [D] [thread 3207] [10.0] [cxt 0] Processing packet received on port 2
[06:09:27.974] [bmv2] [D] [thread 3207] [10.0] [cxt 0] Parser 'parser': start
[06:09:27.974] [bmv2] [D] [thread 3207] [10.0] [cxt 0] Parser 'parser' entering state 'start'
[06:09:27.974] [bmv2] [D] [thread 3207] [10.0] [cxt 0] Extracting header 'ethernet'
[06:09:27.974] [bmv2] [D] [thread 3207] [10.0] [cxt 0] Parser state 'start': key is 86dd
[06:09:27.974] [bmv2] [T] [thread 3207] [10.0] [cxt 0] Bytes parsed: 14
[06:09:27.974] [bmv2] [D] [thread 3207] [10.0] [cxt 0] Parser 'parser': end
[06:09:27.974] [bmv2] [D] [thread 3207] [10.0] [cxt 0] Pipeline 'ingress': start
[06:09:27.974] [bmv2] [T] [thread 3207] [10.0] [cxt 0] basic.p4(121) Condition "pkt_size <= 155" (node_2) is true
[06:09:27.974] [bmv2] [T] [thread 3207] [10.0] [cxt 0] basic.p4(122) Condition "pkt_size <= 57" (node_3) is false
[06:09:27.974] [bmv2] [T] [thread 3207] [10.0] [cxt 0] basic.p4(129) Condition "pkt_size <= 60" (node_7) is false
[06:09:27.974] [bmv2] [T] [thread 3207] [10.0] [cxt 0] Applying table 'tbl_set_custom_value_2'
[06:09:27.974] [bmv2] [D] [thread 3207] [10.0] [cxt 0] Looking up key:

[06:09:27.974] [bmv2] [D] [thread 3207] [10.0] [cxt 0] Table 'tbl_set_custom_value_2': miss
[06:09:27.974] [bmv2] [D] [thread 3207] [10.0] [cxt 0] Action entry is MyIngress.set_custom_value - 
[06:09:27.974] [bmv2] [T] [thread 3207] [10.0] [cxt 0] Action MyIngress.set_custom_value
[06:09:27.974] [bmv2] [T] [thread 3207] [10.0] [cxt 0] basic.p4(100) Primitive hdr.ipv4.ttl = custom_value
[06:09:27.974] [bmv2] [T] [thread 3207] [10.0] [cxt 0] basic.p4(150) Condition "hdr.ipv4.isValid()" (node_17) is false
[06:09:27.974] [bmv2] [D] [thread 3207] [10.0] [cxt 0] Pipeline 'ingress': end
[06:09:27.974] [bmv2] [D] [thread 3207] [10.0] [cxt 0] Egress port is 0
[06:09:27.974] [bmv2] [D] [thread 3208] [10.0] [cxt 0] Pipeline 'egress': start
[06:09:27.974] [bmv2] [D] [thread 3208] [10.0] [cxt 0] Pipeline 'egress': end
[06:09:27.974] [bmv2] [D] [thread 3208] [10.0] [cxt 0] Deparser 'deparser': start
[06:09:27.974] [bmv2] [T] [thread 3208] [10.0] [cxt 0] Skipping checksum 'cksum' update because condition not met
[06:09:27.974] [bmv2] [D] [thread 3208] [10.0] [cxt 0] Deparsing header 'ethernet'
[06:09:27.974] [bmv2] [D] [thread 3208] [10.0] [cxt 0] Deparser 'deparser': end
[06:09:27.974] [bmv2] [D] [thread 3212] [10.0] [cxt 0] Transmitting packet of size 70 out of port 0
[06:09:41.795] [bmv2] [D] [thread 3207] [11.0] [cxt 0] Processing packet received on port 1
[06:09:41.795] [bmv2] [D] [thread 3207] [11.0] [cxt 0] Parser 'parser': start
[06:09:41.795] [bmv2] [D] [thread 3207] [11.0] [cxt 0] Parser 'parser' entering state 'start'
[06:09:41.795] [bmv2] [D] [thread 3207] [11.0] [cxt 0] Extracting header 'ethernet'
[06:09:41.795] [bmv2] [D] [thread 3207] [11.0] [cxt 0] Parser state 'start': key is 86dd
[06:09:41.795] [bmv2] [T] [thread 3207] [11.0] [cxt 0] Bytes parsed: 14
[06:09:41.795] [bmv2] [D] [thread 3207] [11.0] [cxt 0] Parser 'parser': end
[06:09:41.795] [bmv2] [D] [thread 3207] [11.0] [cxt 0] Pipeline 'ingress': start
[06:09:41.795] [bmv2] [T] [thread 3207] [11.0] [cxt 0] basic.p4(121) Condition "pkt_size <= 155" (node_2) is true
[06:09:41.795] [bmv2] [T] [thread 3207] [11.0] [cxt 0] basic.p4(122) Condition "pkt_size <= 57" (node_3) is false
[06:09:41.795] [bmv2] [T] [thread 3207] [11.0] [cxt 0] basic.p4(129) Condition "pkt_size <= 60" (node_7) is false
[06:09:41.795] [bmv2] [T] [thread 3207] [11.0] [cxt 0] Applying table 'tbl_set_custom_value_2'
[06:09:41.795] [bmv2] [D] [thread 3207] [11.0] [cxt 0] Looking up key:

[06:09:41.795] [bmv2] [D] [thread 3207] [11.0] [cxt 0] Table 'tbl_set_custom_value_2': miss
[06:09:41.795] [bmv2] [D] [thread 3207] [11.0] [cxt 0] Action entry is MyIngress.set_custom_value - 
[06:09:41.795] [bmv2] [T] [thread 3207] [11.0] [cxt 0] Action MyIngress.set_custom_value
[06:09:41.795] [bmv2] [T] [thread 3207] [11.0] [cxt 0] basic.p4(100) Primitive hdr.ipv4.ttl = custom_value
[06:09:41.795] [bmv2] [T] [thread 3207] [11.0] [cxt 0] basic.p4(150) Condition "hdr.ipv4.isValid()" (node_17) is false
[06:09:41.795] [bmv2] [D] [thread 3207] [11.0] [cxt 0] Pipeline 'ingress': end
[06:09:41.795] [bmv2] [D] [thread 3207] [11.0] [cxt 0] Egress port is 0
[06:09:41.796] [bmv2] [D] [thread 3208] [11.0] [cxt 0] Pipeline 'egress': start
[06:09:41.796] [bmv2] [D] [thread 3208] [11.0] [cxt 0] Pipeline 'egress': end
[06:09:41.796] [bmv2] [D] [thread 3208] [11.0] [cxt 0] Deparser 'deparser': start
[06:09:41.796] [bmv2] [T] [thread 3208] [11.0] [cxt 0] Skipping checksum 'cksum' update because condition not met
[06:09:41.796] [bmv2] [D] [thread 3208] [11.0] [cxt 0] Deparsing header 'ethernet'
[06:09:41.796] [bmv2] [D] [thread 3208] [11.0] [cxt 0] Deparser 'deparser': end
[06:09:41.796] [bmv2] [D] [thread 3212] [11.0] [cxt 0] Transmitting packet of size 70 out of port 0
[06:09:42.563] [bmv2] [D] [thread 3207] [12.0] [cxt 0] Processing packet received on port 2
[06:09:42.563] [bmv2] [D] [thread 3207] [12.0] [cxt 0] Parser 'parser': start
[06:09:42.563] [bmv2] [D] [thread 3207] [12.0] [cxt 0] Parser 'parser' entering state 'start'
[06:09:42.563] [bmv2] [D] [thread 3207] [12.0] [cxt 0] Extracting header 'ethernet'
[06:09:42.563] [bmv2] [D] [thread 3207] [12.0] [cxt 0] Parser state 'start': key is 86dd
[06:09:42.563] [bmv2] [T] [thread 3207] [12.0] [cxt 0] Bytes parsed: 14
[06:09:42.563] [bmv2] [D] [thread 3207] [12.0] [cxt 0] Parser 'parser': end
[06:09:42.563] [bmv2] [D] [thread 3207] [12.0] [cxt 0] Pipeline 'ingress': start
[06:09:42.563] [bmv2] [T] [thread 3207] [12.0] [cxt 0] basic.p4(121) Condition "pkt_size <= 155" (node_2) is true
[06:09:42.563] [bmv2] [T] [thread 3207] [12.0] [cxt 0] basic.p4(122) Condition "pkt_size <= 57" (node_3) is false
[06:09:42.563] [bmv2] [T] [thread 3207] [12.0] [cxt 0] basic.p4(129) Condition "pkt_size <= 60" (node_7) is false
[06:09:42.563] [bmv2] [T] [thread 3207] [12.0] [cxt 0] Applying table 'tbl_set_custom_value_2'
[06:09:42.563] [bmv2] [D] [thread 3207] [12.0] [cxt 0] Looking up key:

[06:09:42.563] [bmv2] [D] [thread 3207] [12.0] [cxt 0] Table 'tbl_set_custom_value_2': miss
[06:09:42.563] [bmv2] [D] [thread 3207] [12.0] [cxt 0] Action entry is MyIngress.set_custom_value - 
[06:09:42.563] [bmv2] [T] [thread 3207] [12.0] [cxt 0] Action MyIngress.set_custom_value
[06:09:42.563] [bmv2] [T] [thread 3207] [12.0] [cxt 0] basic.p4(100) Primitive hdr.ipv4.ttl = custom_value
[06:09:42.563] [bmv2] [T] [thread 3207] [12.0] [cxt 0] basic.p4(150) Condition "hdr.ipv4.isValid()" (node_17) is false
[06:09:42.563] [bmv2] [D] [thread 3207] [12.0] [cxt 0] Pipeline 'ingress': end
[06:09:42.563] [bmv2] [D] [thread 3207] [12.0] [cxt 0] Egress port is 0
[06:09:42.563] [bmv2] [D] [thread 3208] [12.0] [cxt 0] Pipeline 'egress': start
[06:09:42.563] [bmv2] [D] [thread 3208] [12.0] [cxt 0] Pipeline 'egress': end
[06:09:42.563] [bmv2] [D] [thread 3208] [12.0] [cxt 0] Deparser 'deparser': start
[06:09:42.563] [bmv2] [T] [thread 3208] [12.0] [cxt 0] Skipping checksum 'cksum' update because condition not met
[06:09:42.563] [bmv2] [D] [thread 3208] [12.0] [cxt 0] Deparsing header 'ethernet'
[06:09:42.563] [bmv2] [D] [thread 3208] [12.0] [cxt 0] Deparser 'deparser': end
[06:09:42.563] [bmv2] [D] [thread 3212] [12.0] [cxt 0] Transmitting packet of size 70 out of port 0
[06:09:43.587] [bmv2] [D] [thread 3207] [13.0] [cxt 0] Processing packet received on port 1
[06:09:43.587] [bmv2] [D] [thread 3207] [13.0] [cxt 0] Parser 'parser': start
[06:09:43.587] [bmv2] [D] [thread 3207] [13.0] [cxt 0] Parser 'parser' entering state 'start'
[06:09:43.587] [bmv2] [D] [thread 3207] [13.0] [cxt 0] Extracting header 'ethernet'
[06:09:43.587] [bmv2] [D] [thread 3207] [13.0] [cxt 0] Parser state 'start': key is 86dd
[06:09:43.587] [bmv2] [T] [thread 3207] [13.0] [cxt 0] Bytes parsed: 14
[06:09:43.587] [bmv2] [D] [thread 3207] [13.0] [cxt 0] Parser 'parser': end
[06:09:43.587] [bmv2] [D] [thread 3207] [13.0] [cxt 0] Pipeline 'ingress': start
[06:09:43.587] [bmv2] [T] [thread 3207] [13.0] [cxt 0] basic.p4(121) Condition "pkt_size <= 155" (node_2) is true
[06:09:43.587] [bmv2] [T] [thread 3207] [13.0] [cxt 0] basic.p4(122) Condition "pkt_size <= 57" (node_3) is false
[06:09:43.587] [bmv2] [T] [thread 3207] [13.0] [cxt 0] basic.p4(129) Condition "pkt_size <= 60" (node_7) is false
[06:09:43.587] [bmv2] [T] [thread 3207] [13.0] [cxt 0] Applying table 'tbl_set_custom_value_2'
[06:09:43.587] [bmv2] [D] [thread 3207] [13.0] [cxt 0] Looking up key:

[06:09:43.587] [bmv2] [D] [thread 3207] [13.0] [cxt 0] Table 'tbl_set_custom_value_2': miss
[06:09:43.587] [bmv2] [D] [thread 3207] [13.0] [cxt 0] Action entry is MyIngress.set_custom_value - 
[06:09:43.587] [bmv2] [T] [thread 3207] [13.0] [cxt 0] Action MyIngress.set_custom_value
[06:09:43.587] [bmv2] [T] [thread 3207] [13.0] [cxt 0] basic.p4(100) Primitive hdr.ipv4.ttl = custom_value
[06:09:43.587] [bmv2] [T] [thread 3207] [13.0] [cxt 0] basic.p4(150) Condition "hdr.ipv4.isValid()" (node_17) is false
[06:09:43.587] [bmv2] [D] [thread 3207] [13.0] [cxt 0] Pipeline 'ingress': end
[06:09:43.587] [bmv2] [D] [thread 3207] [13.0] [cxt 0] Egress port is 0
[06:09:43.588] [bmv2] [D] [thread 3208] [13.0] [cxt 0] Pipeline 'egress': start
[06:09:43.588] [bmv2] [D] [thread 3208] [13.0] [cxt 0] Pipeline 'egress': end
[06:09:43.588] [bmv2] [D] [thread 3208] [13.0] [cxt 0] Deparser 'deparser': start
[06:09:43.588] [bmv2] [T] [thread 3208] [13.0] [cxt 0] Skipping checksum 'cksum' update because condition not met
[06:09:43.588] [bmv2] [D] [thread 3208] [13.0] [cxt 0] Deparsing header 'ethernet'
[06:09:43.588] [bmv2] [D] [thread 3208] [13.0] [cxt 0] Deparser 'deparser': end
[06:09:43.588] [bmv2] [D] [thread 3212] [13.0] [cxt 0] Transmitting packet of size 70 out of port 0
[06:09:45.635] [bmv2] [D] [thread 3207] [14.0] [cxt 0] Processing packet received on port 2
[06:09:45.635] [bmv2] [D] [thread 3207] [14.0] [cxt 0] Parser 'parser': start
[06:09:45.635] [bmv2] [D] [thread 3207] [14.0] [cxt 0] Parser 'parser' entering state 'start'
[06:09:45.635] [bmv2] [D] [thread 3207] [14.0] [cxt 0] Extracting header 'ethernet'
[06:09:45.635] [bmv2] [D] [thread 3207] [14.0] [cxt 0] Parser state 'start': key is 86dd
[06:09:45.635] [bmv2] [T] [thread 3207] [14.0] [cxt 0] Bytes parsed: 14
[06:09:45.635] [bmv2] [D] [thread 3207] [14.0] [cxt 0] Parser 'parser': end
[06:09:45.635] [bmv2] [D] [thread 3207] [14.0] [cxt 0] Pipeline 'ingress': start
[06:09:45.635] [bmv2] [T] [thread 3207] [14.0] [cxt 0] basic.p4(121) Condition "pkt_size <= 155" (node_2) is true
[06:09:45.635] [bmv2] [T] [thread 3207] [14.0] [cxt 0] basic.p4(122) Condition "pkt_size <= 57" (node_3) is false
[06:09:45.635] [bmv2] [T] [thread 3207] [14.0] [cxt 0] basic.p4(129) Condition "pkt_size <= 60" (node_7) is false
[06:09:45.635] [bmv2] [T] [thread 3207] [14.0] [cxt 0] Applying table 'tbl_set_custom_value_2'
[06:09:45.635] [bmv2] [D] [thread 3207] [14.0] [cxt 0] Looking up key:

[06:09:45.635] [bmv2] [D] [thread 3207] [14.0] [cxt 0] Table 'tbl_set_custom_value_2': miss
[06:09:45.635] [bmv2] [D] [thread 3207] [14.0] [cxt 0] Action entry is MyIngress.set_custom_value - 
[06:09:45.635] [bmv2] [T] [thread 3207] [14.0] [cxt 0] Action MyIngress.set_custom_value
[06:09:45.635] [bmv2] [T] [thread 3207] [14.0] [cxt 0] basic.p4(100) Primitive hdr.ipv4.ttl = custom_value
[06:09:45.635] [bmv2] [T] [thread 3207] [14.0] [cxt 0] basic.p4(150) Condition "hdr.ipv4.isValid()" (node_17) is false
[06:09:45.635] [bmv2] [D] [thread 3207] [14.0] [cxt 0] Pipeline 'ingress': end
[06:09:45.635] [bmv2] [D] [thread 3207] [14.0] [cxt 0] Egress port is 0
[06:09:45.635] [bmv2] [D] [thread 3208] [14.0] [cxt 0] Pipeline 'egress': start
[06:09:45.635] [bmv2] [D] [thread 3208] [14.0] [cxt 0] Pipeline 'egress': end
[06:09:45.635] [bmv2] [D] [thread 3208] [14.0] [cxt 0] Deparser 'deparser': start
[06:09:45.635] [bmv2] [T] [thread 3208] [14.0] [cxt 0] Skipping checksum 'cksum' update because condition not met
[06:09:45.635] [bmv2] [D] [thread 3208] [14.0] [cxt 0] Deparsing header 'ethernet'
[06:09:45.635] [bmv2] [D] [thread 3208] [14.0] [cxt 0] Deparser 'deparser': end
[06:09:45.635] [bmv2] [D] [thread 3212] [14.0] [cxt 0] Transmitting packet of size 70 out of port 0
[06:10:10.212] [bmv2] [D] [thread 3207] [15.0] [cxt 0] Processing packet received on port 1
[06:10:10.212] [bmv2] [D] [thread 3207] [15.0] [cxt 0] Parser 'parser': start
[06:10:10.212] [bmv2] [D] [thread 3207] [15.0] [cxt 0] Parser 'parser' entering state 'start'
[06:10:10.212] [bmv2] [D] [thread 3207] [15.0] [cxt 0] Extracting header 'ethernet'
[06:10:10.212] [bmv2] [D] [thread 3207] [15.0] [cxt 0] Parser state 'start': key is 86dd
[06:10:10.212] [bmv2] [T] [thread 3207] [15.0] [cxt 0] Bytes parsed: 14
[06:10:10.212] [bmv2] [D] [thread 3207] [15.0] [cxt 0] Parser 'parser': end
[06:10:10.212] [bmv2] [D] [thread 3207] [15.0] [cxt 0] Pipeline 'ingress': start
[06:10:10.212] [bmv2] [T] [thread 3207] [15.0] [cxt 0] basic.p4(121) Condition "pkt_size <= 155" (node_2) is true
[06:10:10.212] [bmv2] [T] [thread 3207] [15.0] [cxt 0] basic.p4(122) Condition "pkt_size <= 57" (node_3) is false
[06:10:10.212] [bmv2] [T] [thread 3207] [15.0] [cxt 0] basic.p4(129) Condition "pkt_size <= 60" (node_7) is false
[06:10:10.212] [bmv2] [T] [thread 3207] [15.0] [cxt 0] Applying table 'tbl_set_custom_value_2'
[06:10:10.212] [bmv2] [D] [thread 3207] [15.0] [cxt 0] Looking up key:

[06:10:10.212] [bmv2] [D] [thread 3207] [15.0] [cxt 0] Table 'tbl_set_custom_value_2': miss
[06:10:10.212] [bmv2] [D] [thread 3207] [15.0] [cxt 0] Action entry is MyIngress.set_custom_value - 
[06:10:10.212] [bmv2] [T] [thread 3207] [15.0] [cxt 0] Action MyIngress.set_custom_value
[06:10:10.212] [bmv2] [T] [thread 3207] [15.0] [cxt 0] basic.p4(100) Primitive hdr.ipv4.ttl = custom_value
[06:10:10.212] [bmv2] [T] [thread 3207] [15.0] [cxt 0] basic.p4(150) Condition "hdr.ipv4.isValid()" (node_17) is false
[06:10:10.212] [bmv2] [D] [thread 3207] [15.0] [cxt 0] Pipeline 'ingress': end
[06:10:10.212] [bmv2] [D] [thread 3207] [15.0] [cxt 0] Egress port is 0
[06:10:10.212] [bmv2] [D] [thread 3208] [15.0] [cxt 0] Pipeline 'egress': start
[06:10:10.212] [bmv2] [D] [thread 3208] [15.0] [cxt 0] Pipeline 'egress': end
[06:10:10.212] [bmv2] [D] [thread 3208] [15.0] [cxt 0] Deparser 'deparser': start
[06:10:10.212] [bmv2] [T] [thread 3208] [15.0] [cxt 0] Skipping checksum 'cksum' update because condition not met
[06:10:10.212] [bmv2] [D] [thread 3208] [15.0] [cxt 0] Deparsing header 'ethernet'
[06:10:10.212] [bmv2] [D] [thread 3208] [15.0] [cxt 0] Deparser 'deparser': end
[06:10:10.212] [bmv2] [D] [thread 3212] [15.0] [cxt 0] Transmitting packet of size 70 out of port 0
[06:10:14.308] [bmv2] [D] [thread 3207] [16.0] [cxt 0] Processing packet received on port 2
[06:10:14.308] [bmv2] [D] [thread 3207] [16.0] [cxt 0] Parser 'parser': start
[06:10:14.309] [bmv2] [D] [thread 3207] [16.0] [cxt 0] Parser 'parser' entering state 'start'
[06:10:14.309] [bmv2] [D] [thread 3207] [16.0] [cxt 0] Extracting header 'ethernet'
[06:10:14.309] [bmv2] [D] [thread 3207] [16.0] [cxt 0] Parser state 'start': key is 86dd
[06:10:14.309] [bmv2] [T] [thread 3207] [16.0] [cxt 0] Bytes parsed: 14
[06:10:14.309] [bmv2] [D] [thread 3207] [16.0] [cxt 0] Parser 'parser': end
[06:10:14.309] [bmv2] [D] [thread 3207] [16.0] [cxt 0] Pipeline 'ingress': start
[06:10:14.309] [bmv2] [T] [thread 3207] [16.0] [cxt 0] basic.p4(121) Condition "pkt_size <= 155" (node_2) is true
[06:10:14.309] [bmv2] [T] [thread 3207] [16.0] [cxt 0] basic.p4(122) Condition "pkt_size <= 57" (node_3) is false
[06:10:14.309] [bmv2] [T] [thread 3207] [16.0] [cxt 0] basic.p4(129) Condition "pkt_size <= 60" (node_7) is false
[06:10:14.309] [bmv2] [T] [thread 3207] [16.0] [cxt 0] Applying table 'tbl_set_custom_value_2'
[06:10:14.309] [bmv2] [D] [thread 3207] [16.0] [cxt 0] Looking up key:

[06:10:14.309] [bmv2] [D] [thread 3207] [16.0] [cxt 0] Table 'tbl_set_custom_value_2': miss
[06:10:14.309] [bmv2] [D] [thread 3207] [16.0] [cxt 0] Action entry is MyIngress.set_custom_value - 
[06:10:14.309] [bmv2] [T] [thread 3207] [16.0] [cxt 0] Action MyIngress.set_custom_value
[06:10:14.309] [bmv2] [T] [thread 3207] [16.0] [cxt 0] basic.p4(100) Primitive hdr.ipv4.ttl = custom_value
[06:10:14.309] [bmv2] [T] [thread 3207] [16.0] [cxt 0] basic.p4(150) Condition "hdr.ipv4.isValid()" (node_17) is false
[06:10:14.309] [bmv2] [D] [thread 3207] [16.0] [cxt 0] Pipeline 'ingress': end
[06:10:14.309] [bmv2] [D] [thread 3207] [16.0] [cxt 0] Egress port is 0
[06:10:14.309] [bmv2] [D] [thread 3208] [16.0] [cxt 0] Pipeline 'egress': start
[06:10:14.309] [bmv2] [D] [thread 3208] [16.0] [cxt 0] Pipeline 'egress': end
[06:10:14.309] [bmv2] [D] [thread 3208] [16.0] [cxt 0] Deparser 'deparser': start
[06:10:14.309] [bmv2] [T] [thread 3208] [16.0] [cxt 0] Skipping checksum 'cksum' update because condition not met
[06:10:14.309] [bmv2] [D] [thread 3208] [16.0] [cxt 0] Deparsing header 'ethernet'
[06:10:14.309] [bmv2] [D] [thread 3208] [16.0] [cxt 0] Deparser 'deparser': end
[06:10:14.309] [bmv2] [D] [thread 3212] [16.0] [cxt 0] Transmitting packet of size 70 out of port 0
[06:10:16.355] [bmv2] [D] [thread 3207] [17.0] [cxt 0] Processing packet received on port 1
[06:10:16.355] [bmv2] [D] [thread 3207] [17.0] [cxt 0] Parser 'parser': start
[06:10:16.355] [bmv2] [D] [thread 3207] [17.0] [cxt 0] Parser 'parser' entering state 'start'
[06:10:16.355] [bmv2] [D] [thread 3207] [17.0] [cxt 0] Extracting header 'ethernet'
[06:10:16.355] [bmv2] [D] [thread 3207] [17.0] [cxt 0] Parser state 'start': key is 86dd
[06:10:16.355] [bmv2] [T] [thread 3207] [17.0] [cxt 0] Bytes parsed: 14
[06:10:16.355] [bmv2] [D] [thread 3207] [17.0] [cxt 0] Parser 'parser': end
[06:10:16.355] [bmv2] [D] [thread 3207] [17.0] [cxt 0] Pipeline 'ingress': start
[06:10:16.355] [bmv2] [T] [thread 3207] [17.0] [cxt 0] basic.p4(121) Condition "pkt_size <= 155" (node_2) is true
[06:10:16.355] [bmv2] [T] [thread 3207] [17.0] [cxt 0] basic.p4(122) Condition "pkt_size <= 57" (node_3) is false
[06:10:16.355] [bmv2] [T] [thread 3207] [17.0] [cxt 0] basic.p4(129) Condition "pkt_size <= 60" (node_7) is false
[06:10:16.355] [bmv2] [T] [thread 3207] [17.0] [cxt 0] Applying table 'tbl_set_custom_value_2'
[06:10:16.355] [bmv2] [D] [thread 3207] [17.0] [cxt 0] Looking up key:

[06:10:16.355] [bmv2] [D] [thread 3207] [17.0] [cxt 0] Table 'tbl_set_custom_value_2': miss
[06:10:16.355] [bmv2] [D] [thread 3207] [17.0] [cxt 0] Action entry is MyIngress.set_custom_value - 
[06:10:16.355] [bmv2] [T] [thread 3207] [17.0] [cxt 0] Action MyIngress.set_custom_value
[06:10:16.355] [bmv2] [T] [thread 3207] [17.0] [cxt 0] basic.p4(100) Primitive hdr.ipv4.ttl = custom_value
[06:10:16.355] [bmv2] [T] [thread 3207] [17.0] [cxt 0] basic.p4(150) Condition "hdr.ipv4.isValid()" (node_17) is false
[06:10:16.355] [bmv2] [D] [thread 3207] [17.0] [cxt 0] Pipeline 'ingress': end
[06:10:16.355] [bmv2] [D] [thread 3207] [17.0] [cxt 0] Egress port is 0
[06:10:16.355] [bmv2] [D] [thread 3208] [17.0] [cxt 0] Pipeline 'egress': start
[06:10:16.355] [bmv2] [D] [thread 3208] [17.0] [cxt 0] Pipeline 'egress': end
[06:10:16.355] [bmv2] [D] [thread 3208] [17.0] [cxt 0] Deparser 'deparser': start
[06:10:16.355] [bmv2] [T] [thread 3208] [17.0] [cxt 0] Skipping checksum 'cksum' update because condition not met
[06:10:16.355] [bmv2] [D] [thread 3208] [17.0] [cxt 0] Deparsing header 'ethernet'
[06:10:16.355] [bmv2] [D] [thread 3208] [17.0] [cxt 0] Deparser 'deparser': end
[06:10:16.355] [bmv2] [D] [thread 3212] [17.0] [cxt 0] Transmitting packet of size 70 out of port 0
[06:10:20.451] [bmv2] [D] [thread 3207] [18.0] [cxt 0] Processing packet received on port 2
[06:10:20.451] [bmv2] [D] [thread 3207] [18.0] [cxt 0] Parser 'parser': start
[06:10:20.451] [bmv2] [D] [thread 3207] [18.0] [cxt 0] Parser 'parser' entering state 'start'
[06:10:20.451] [bmv2] [D] [thread 3207] [18.0] [cxt 0] Extracting header 'ethernet'
[06:10:20.451] [bmv2] [D] [thread 3207] [18.0] [cxt 0] Parser state 'start': key is 86dd
[06:10:20.451] [bmv2] [T] [thread 3207] [18.0] [cxt 0] Bytes parsed: 14
[06:10:20.451] [bmv2] [D] [thread 3207] [18.0] [cxt 0] Parser 'parser': end
[06:10:20.451] [bmv2] [D] [thread 3207] [18.0] [cxt 0] Pipeline 'ingress': start
[06:10:20.451] [bmv2] [T] [thread 3207] [18.0] [cxt 0] basic.p4(121) Condition "pkt_size <= 155" (node_2) is true
[06:10:20.451] [bmv2] [T] [thread 3207] [18.0] [cxt 0] basic.p4(122) Condition "pkt_size <= 57" (node_3) is false
[06:10:20.451] [bmv2] [T] [thread 3207] [18.0] [cxt 0] basic.p4(129) Condition "pkt_size <= 60" (node_7) is false
[06:10:20.451] [bmv2] [T] [thread 3207] [18.0] [cxt 0] Applying table 'tbl_set_custom_value_2'
[06:10:20.451] [bmv2] [D] [thread 3207] [18.0] [cxt 0] Looking up key:

[06:10:20.451] [bmv2] [D] [thread 3207] [18.0] [cxt 0] Table 'tbl_set_custom_value_2': miss
[06:10:20.451] [bmv2] [D] [thread 3207] [18.0] [cxt 0] Action entry is MyIngress.set_custom_value - 
[06:10:20.451] [bmv2] [T] [thread 3207] [18.0] [cxt 0] Action MyIngress.set_custom_value
[06:10:20.451] [bmv2] [T] [thread 3207] [18.0] [cxt 0] basic.p4(100) Primitive hdr.ipv4.ttl = custom_value
[06:10:20.451] [bmv2] [T] [thread 3207] [18.0] [cxt 0] basic.p4(150) Condition "hdr.ipv4.isValid()" (node_17) is false
[06:10:20.451] [bmv2] [D] [thread 3207] [18.0] [cxt 0] Pipeline 'ingress': end
[06:10:20.451] [bmv2] [D] [thread 3207] [18.0] [cxt 0] Egress port is 0
[06:10:20.451] [bmv2] [D] [thread 3208] [18.0] [cxt 0] Pipeline 'egress': start
[06:10:20.451] [bmv2] [D] [thread 3208] [18.0] [cxt 0] Pipeline 'egress': end
[06:10:20.451] [bmv2] [D] [thread 3208] [18.0] [cxt 0] Deparser 'deparser': start
[06:10:20.451] [bmv2] [T] [thread 3208] [18.0] [cxt 0] Skipping checksum 'cksum' update because condition not met
[06:10:20.451] [bmv2] [D] [thread 3208] [18.0] [cxt 0] Deparsing header 'ethernet'
[06:10:20.451] [bmv2] [D] [thread 3208] [18.0] [cxt 0] Deparser 'deparser': end
[06:10:20.451] [bmv2] [D] [thread 3212] [18.0] [cxt 0] Transmitting packet of size 70 out of port 0
[06:11:07.555] [bmv2] [D] [thread 3207] [19.0] [cxt 0] Processing packet received on port 1
[06:11:07.555] [bmv2] [D] [thread 3207] [19.0] [cxt 0] Parser 'parser': start
[06:11:07.555] [bmv2] [D] [thread 3207] [19.0] [cxt 0] Parser 'parser' entering state 'start'
[06:11:07.555] [bmv2] [D] [thread 3207] [19.0] [cxt 0] Extracting header 'ethernet'
[06:11:07.556] [bmv2] [D] [thread 3207] [19.0] [cxt 0] Parser state 'start': key is 86dd
[06:11:07.556] [bmv2] [T] [thread 3207] [19.0] [cxt 0] Bytes parsed: 14
[06:11:07.556] [bmv2] [D] [thread 3207] [19.0] [cxt 0] Parser 'parser': end
[06:11:07.556] [bmv2] [D] [thread 3207] [19.0] [cxt 0] Pipeline 'ingress': start
[06:11:07.556] [bmv2] [T] [thread 3207] [19.0] [cxt 0] basic.p4(121) Condition "pkt_size <= 155" (node_2) is true
[06:11:07.556] [bmv2] [T] [thread 3207] [19.0] [cxt 0] basic.p4(122) Condition "pkt_size <= 57" (node_3) is false
[06:11:07.556] [bmv2] [T] [thread 3207] [19.0] [cxt 0] basic.p4(129) Condition "pkt_size <= 60" (node_7) is false
[06:11:07.556] [bmv2] [T] [thread 3207] [19.0] [cxt 0] Applying table 'tbl_set_custom_value_2'
[06:11:07.556] [bmv2] [D] [thread 3207] [19.0] [cxt 0] Looking up key:

[06:11:07.556] [bmv2] [D] [thread 3207] [19.0] [cxt 0] Table 'tbl_set_custom_value_2': miss
[06:11:07.556] [bmv2] [D] [thread 3207] [19.0] [cxt 0] Action entry is MyIngress.set_custom_value - 
[06:11:07.556] [bmv2] [T] [thread 3207] [19.0] [cxt 0] Action MyIngress.set_custom_value
[06:11:07.556] [bmv2] [T] [thread 3207] [19.0] [cxt 0] basic.p4(100) Primitive hdr.ipv4.ttl = custom_value
[06:11:07.556] [bmv2] [T] [thread 3207] [19.0] [cxt 0] basic.p4(150) Condition "hdr.ipv4.isValid()" (node_17) is false
[06:11:07.556] [bmv2] [D] [thread 3207] [19.0] [cxt 0] Pipeline 'ingress': end
[06:11:07.556] [bmv2] [D] [thread 3207] [19.0] [cxt 0] Egress port is 0
[06:11:07.556] [bmv2] [D] [thread 3208] [19.0] [cxt 0] Pipeline 'egress': start
[06:11:07.556] [bmv2] [D] [thread 3208] [19.0] [cxt 0] Pipeline 'egress': end
[06:11:07.556] [bmv2] [D] [thread 3208] [19.0] [cxt 0] Deparser 'deparser': start
[06:11:07.556] [bmv2] [T] [thread 3208] [19.0] [cxt 0] Skipping checksum 'cksum' update because condition not met
[06:11:07.556] [bmv2] [D] [thread 3208] [19.0] [cxt 0] Deparsing header 'ethernet'
[06:11:07.556] [bmv2] [D] [thread 3208] [19.0] [cxt 0] Deparser 'deparser': end
[06:11:07.556] [bmv2] [D] [thread 3212] [19.0] [cxt 0] Transmitting packet of size 70 out of port 0
[06:11:15.752] [bmv2] [D] [thread 3207] [20.0] [cxt 0] Processing packet received on port 2
[06:11:15.752] [bmv2] [D] [thread 3207] [20.0] [cxt 0] Parser 'parser': start
[06:11:15.752] [bmv2] [D] [thread 3207] [20.0] [cxt 0] Parser 'parser' entering state 'start'
[06:11:15.752] [bmv2] [D] [thread 3207] [20.0] [cxt 0] Extracting header 'ethernet'
[06:11:15.752] [bmv2] [D] [thread 3207] [20.0] [cxt 0] Parser state 'start': key is 86dd
[06:11:15.752] [bmv2] [T] [thread 3207] [20.0] [cxt 0] Bytes parsed: 14
[06:11:15.752] [bmv2] [D] [thread 3207] [20.0] [cxt 0] Parser 'parser': end
[06:11:15.752] [bmv2] [D] [thread 3207] [20.0] [cxt 0] Pipeline 'ingress': start
[06:11:15.752] [bmv2] [T] [thread 3207] [20.0] [cxt 0] basic.p4(121) Condition "pkt_size <= 155" (node_2) is true
[06:11:15.752] [bmv2] [T] [thread 3207] [20.0] [cxt 0] basic.p4(122) Condition "pkt_size <= 57" (node_3) is false
[06:11:15.752] [bmv2] [T] [thread 3207] [20.0] [cxt 0] basic.p4(129) Condition "pkt_size <= 60" (node_7) is false
[06:11:15.752] [bmv2] [T] [thread 3207] [20.0] [cxt 0] Applying table 'tbl_set_custom_value_2'
[06:11:15.752] [bmv2] [D] [thread 3207] [20.0] [cxt 0] Looking up key:

[06:11:15.752] [bmv2] [D] [thread 3207] [20.0] [cxt 0] Table 'tbl_set_custom_value_2': miss
[06:11:15.752] [bmv2] [D] [thread 3207] [20.0] [cxt 0] Action entry is MyIngress.set_custom_value - 
[06:11:15.752] [bmv2] [T] [thread 3207] [20.0] [cxt 0] Action MyIngress.set_custom_value
[06:11:15.752] [bmv2] [T] [thread 3207] [20.0] [cxt 0] basic.p4(100) Primitive hdr.ipv4.ttl = custom_value
[06:11:15.752] [bmv2] [T] [thread 3207] [20.0] [cxt 0] basic.p4(150) Condition "hdr.ipv4.isValid()" (node_17) is false
[06:11:15.752] [bmv2] [D] [thread 3207] [20.0] [cxt 0] Pipeline 'ingress': end
[06:11:15.752] [bmv2] [D] [thread 3207] [20.0] [cxt 0] Egress port is 0
[06:11:15.752] [bmv2] [D] [thread 3208] [20.0] [cxt 0] Pipeline 'egress': start
[06:11:15.752] [bmv2] [D] [thread 3208] [20.0] [cxt 0] Pipeline 'egress': end
[06:11:15.752] [bmv2] [D] [thread 3208] [20.0] [cxt 0] Deparser 'deparser': start
[06:11:15.752] [bmv2] [T] [thread 3208] [20.0] [cxt 0] Skipping checksum 'cksum' update because condition not met
[06:11:15.752] [bmv2] [D] [thread 3208] [20.0] [cxt 0] Deparsing header 'ethernet'
[06:11:15.752] [bmv2] [D] [thread 3208] [20.0] [cxt 0] Deparser 'deparser': end
[06:11:15.752] [bmv2] [D] [thread 3212] [20.0] [cxt 0] Transmitting packet of size 70 out of port 0
[06:11:17.835] [bmv2] [D] [thread 3207] [21.0] [cxt 0] Processing packet received on port 1
[06:11:17.835] [bmv2] [D] [thread 3207] [21.0] [cxt 0] Parser 'parser': start
[06:11:17.835] [bmv2] [D] [thread 3207] [21.0] [cxt 0] Parser 'parser' entering state 'start'
[06:11:17.835] [bmv2] [D] [thread 3207] [21.0] [cxt 0] Extracting header 'ethernet'
[06:11:17.835] [bmv2] [D] [thread 3207] [21.0] [cxt 0] Parser state 'start': key is 86dd
[06:11:17.835] [bmv2] [T] [thread 3207] [21.0] [cxt 0] Bytes parsed: 14
[06:11:17.835] [bmv2] [D] [thread 3207] [21.0] [cxt 0] Parser 'parser': end
[06:11:17.835] [bmv2] [D] [thread 3207] [21.0] [cxt 0] Pipeline 'ingress': start
[06:11:17.835] [bmv2] [T] [thread 3207] [21.0] [cxt 0] basic.p4(121) Condition "pkt_size <= 155" (node_2) is true
[06:11:17.835] [bmv2] [T] [thread 3207] [21.0] [cxt 0] basic.p4(122) Condition "pkt_size <= 57" (node_3) is false
[06:11:17.835] [bmv2] [T] [thread 3207] [21.0] [cxt 0] basic.p4(129) Condition "pkt_size <= 60" (node_7) is false
[06:11:17.835] [bmv2] [T] [thread 3207] [21.0] [cxt 0] Applying table 'tbl_set_custom_value_2'
[06:11:17.835] [bmv2] [D] [thread 3207] [21.0] [cxt 0] Looking up key:

[06:11:17.835] [bmv2] [D] [thread 3207] [21.0] [cxt 0] Table 'tbl_set_custom_value_2': miss
[06:11:17.835] [bmv2] [D] [thread 3207] [21.0] [cxt 0] Action entry is MyIngress.set_custom_value - 
[06:11:17.835] [bmv2] [T] [thread 3207] [21.0] [cxt 0] Action MyIngress.set_custom_value
[06:11:17.835] [bmv2] [T] [thread 3207] [21.0] [cxt 0] basic.p4(100) Primitive hdr.ipv4.ttl = custom_value
[06:11:17.835] [bmv2] [T] [thread 3207] [21.0] [cxt 0] basic.p4(150) Condition "hdr.ipv4.isValid()" (node_17) is false
[06:11:17.835] [bmv2] [D] [thread 3207] [21.0] [cxt 0] Pipeline 'ingress': end
[06:11:17.835] [bmv2] [D] [thread 3207] [21.0] [cxt 0] Egress port is 0
[06:11:17.836] [bmv2] [D] [thread 3208] [21.0] [cxt 0] Pipeline 'egress': start
[06:11:17.836] [bmv2] [D] [thread 3208] [21.0] [cxt 0] Pipeline 'egress': end
[06:11:17.836] [bmv2] [D] [thread 3208] [21.0] [cxt 0] Deparser 'deparser': start
[06:11:17.836] [bmv2] [T] [thread 3208] [21.0] [cxt 0] Skipping checksum 'cksum' update because condition not met
[06:11:17.836] [bmv2] [D] [thread 3208] [21.0] [cxt 0] Deparsing header 'ethernet'
[06:11:17.836] [bmv2] [D] [thread 3208] [21.0] [cxt 0] Deparser 'deparser': end
[06:11:17.836] [bmv2] [D] [thread 3212] [21.0] [cxt 0] Transmitting packet of size 70 out of port 0
[06:11:32.152] [bmv2] [D] [thread 3207] [22.0] [cxt 0] Processing packet received on port 2
[06:11:32.152] [bmv2] [D] [thread 3207] [22.0] [cxt 0] Parser 'parser': start
[06:11:32.152] [bmv2] [D] [thread 3207] [22.0] [cxt 0] Parser 'parser' entering state 'start'
[06:11:32.152] [bmv2] [D] [thread 3207] [22.0] [cxt 0] Extracting header 'ethernet'
[06:11:32.152] [bmv2] [D] [thread 3207] [22.0] [cxt 0] Parser state 'start': key is 86dd
[06:11:32.152] [bmv2] [T] [thread 3207] [22.0] [cxt 0] Bytes parsed: 14
[06:11:32.152] [bmv2] [D] [thread 3207] [22.0] [cxt 0] Parser 'parser': end
[06:11:32.152] [bmv2] [D] [thread 3207] [22.0] [cxt 0] Pipeline 'ingress': start
[06:11:32.152] [bmv2] [T] [thread 3207] [22.0] [cxt 0] basic.p4(121) Condition "pkt_size <= 155" (node_2) is true
[06:11:32.152] [bmv2] [T] [thread 3207] [22.0] [cxt 0] basic.p4(122) Condition "pkt_size <= 57" (node_3) is false
[06:11:32.152] [bmv2] [T] [thread 3207] [22.0] [cxt 0] basic.p4(129) Condition "pkt_size <= 60" (node_7) is false
[06:11:32.152] [bmv2] [T] [thread 3207] [22.0] [cxt 0] Applying table 'tbl_set_custom_value_2'
[06:11:32.152] [bmv2] [D] [thread 3207] [22.0] [cxt 0] Looking up key:

[06:11:32.152] [bmv2] [D] [thread 3207] [22.0] [cxt 0] Table 'tbl_set_custom_value_2': miss
[06:11:32.152] [bmv2] [D] [thread 3207] [22.0] [cxt 0] Action entry is MyIngress.set_custom_value - 
[06:11:32.152] [bmv2] [T] [thread 3207] [22.0] [cxt 0] Action MyIngress.set_custom_value
[06:11:32.152] [bmv2] [T] [thread 3207] [22.0] [cxt 0] basic.p4(100) Primitive hdr.ipv4.ttl = custom_value
[06:11:32.152] [bmv2] [T] [thread 3207] [22.0] [cxt 0] basic.p4(150) Condition "hdr.ipv4.isValid()" (node_17) is false
[06:11:32.152] [bmv2] [D] [thread 3207] [22.0] [cxt 0] Pipeline 'ingress': end
[06:11:32.152] [bmv2] [D] [thread 3207] [22.0] [cxt 0] Egress port is 0
[06:11:32.152] [bmv2] [D] [thread 3208] [22.0] [cxt 0] Pipeline 'egress': start
[06:11:32.152] [bmv2] [D] [thread 3208] [22.0] [cxt 0] Pipeline 'egress': end
[06:11:32.152] [bmv2] [D] [thread 3208] [22.0] [cxt 0] Deparser 'deparser': start
[06:11:32.152] [bmv2] [T] [thread 3208] [22.0] [cxt 0] Skipping checksum 'cksum' update because condition not met
[06:11:32.152] [bmv2] [D] [thread 3208] [22.0] [cxt 0] Deparsing header 'ethernet'
[06:11:32.152] [bmv2] [D] [thread 3208] [22.0] [cxt 0] Deparser 'deparser': end
[06:11:32.152] [bmv2] [D] [thread 3212] [22.0] [cxt 0] Transmitting packet of size 70 out of port 0
open: No such file or directory
open: No such file or directory
open: No such file or directory
open: No such file or directory
